2017-03-25 22:33:33:920  [TID 10828   ][INFO    ] Default Logger initialized [dmvcframework]
2017-03-25 22:33:33:920  [TID 10828   ][INFO    ] Server started on port 8080 [dmvcframework]
2017-03-25 22:33:34:485  [TID 10640   ][INFO    ] ENTER: Config default values [dmvcframework]
2017-03-25 22:33:34:485  [TID 10640   ][INFO    ] EXIT: Config default values [dmvcframework]
2017-03-25 22:33:34:485  [TID 10640   ][INFO    ] >> Custom configuration proc [dmvcframework]
2017-03-25 22:33:34:485  [TID 10640   ][INFO    ] << Custom configuration proc [dmvcframework]
2017-03-25 22:33:34:485  [TID 10640   ][INFO    ] ENTER: LoadSystemControllers [dmvcframework]
2017-03-25 22:33:34:485  [TID 10640   ][INFO    ] EXIT: LoadSystemControllers [dmvcframework]
2017-03-25 22:33:34:486  [TID 10640   ][INFO    ] GET:/ -> WS.HelloController.TWSHelloController - 200 OK [dmvcframework]
2017-03-25 22:33:34:579  [TID 9836    ][INFO    ] GET:/favicon.ico -> NO ACTION  - 404 Not Found [dmvcframework]
2017-03-25 22:33:43:333  [TID 9952    ][ERROR   ] [EAccessViolation] Access violation at address 005306B0 in module 'MVCBrServer.exe'. Read of address 00000008 (Custom message: "Global Action Exception Handler") [dmvcframework]
2017-03-25 22:33:43:335  [TID 9952    ][INFO    ] GET:/OData -> MVC.oData.Base.TODataController - 500  [dmvcframework]
2017-03-25 22:34:07:969  [TID 10024   ][INFO    ] GET:/OData/OData.svc/grupos('07') -> MVC.oData.Base.TODataController - 501 Not Implemented [dmvcframework]
2017-03-25 22:34:47:818  [TID 4880    ][INFO    ] Default Logger initialized [dmvcframework]
2017-03-25 22:34:47:818  [TID 4880    ][INFO    ] Server started on port 8080 [dmvcframework]
2017-03-25 22:34:48:382  [TID 8464    ][INFO    ] ENTER: Config default values [dmvcframework]
2017-03-25 22:34:48:382  [TID 8464    ][INFO    ] EXIT: Config default values [dmvcframework]
2017-03-25 22:34:48:382  [TID 8464    ][INFO    ] >> Custom configuration proc [dmvcframework]
2017-03-25 22:34:48:382  [TID 8464    ][INFO    ] << Custom configuration proc [dmvcframework]
2017-03-25 22:34:48:382  [TID 8464    ][INFO    ] ENTER: LoadSystemControllers [dmvcframework]
2017-03-25 22:34:48:382  [TID 8464    ][INFO    ] EXIT: LoadSystemControllers [dmvcframework]
2017-03-25 22:34:48:383  [TID 8464    ][INFO    ] GET:/ -> WS.HelloController.TWSHelloController - 200 OK [dmvcframework]
2017-03-25 22:34:52:768  [TID 2956    ][INFO    ] GET:/OData/$metadata -> MVC.oData.Base.TODataController - 200 OK [dmvcframework]
