2017-02-28 19:43:00:437  [TID 13872   ][INFO    ] Default Logger initialized [dmvcframework]
2017-02-28 19:43:00:437  [TID 13872   ][INFO    ] Server started on port 8080 [dmvcframework]
2017-02-28 19:43:08:460  [TID 5668    ][INFO    ] ENTER: Config default values [dmvcframework]
2017-02-28 19:43:08:460  [TID 5668    ][INFO    ] EXIT: Config default values [dmvcframework]
2017-02-28 19:43:08:460  [TID 5668    ][INFO    ] >> Custom configuration proc [dmvcframework]
2017-02-28 19:43:08:460  [TID 5668    ][INFO    ] << Custom configuration proc [dmvcframework]
2017-02-28 19:43:08:460  [TID 5668    ][INFO    ] ENTER: LoadSystemControllers [dmvcframework]
2017-02-28 19:43:08:460  [TID 5668    ][INFO    ] EXIT: LoadSystemControllers [dmvcframework]
2017-02-28 19:43:10:681  [TID 5668    ][INFO    ] GET:/ -> WS.HelloController.TWSHelloController - 200 OK [dmvcframework]
2017-02-28 19:43:14:306  [TID 4368    ][INFO    ] GET:/system/describeserver.info -> MVCFramework.SysControllers.TMVCSystemController - 200 OK [dmvcframework]
2017-02-28 19:43:43:310  [TID 9148    ][INFO    ] GET:/OData -> MVC.oData.Base.TODataController - 200 OK [dmvcframework]
2017-02-28 19:44:18:309  [TID 11180   ][INFO    ] GET:/OData/$metadata -> MVC.oData.Base.TODataController - 200 OK [dmvcframework]
2017-02-28 19:44:30:338  [TID 1188    ][INFO    ] GET:/ -> WS.HelloController.TWSHelloController - 200 OK [dmvcframework]
2017-02-28 19:44:33:944  [TID 9980    ][INFO    ] GET:/hello/MVCBr -> WS.HelloController.TWSHelloController - 200 OK [dmvcframework]
2017-02-28 19:44:37:414  [TID 13492   ][INFO    ] GET:/system/describeserver.info -> MVCFramework.SysControllers.TMVCSystemController - 200 OK [dmvcframework]
2017-02-28 19:46:49:230  [TID 2284    ][INFO    ] Default Logger initialized [dmvcframework]
2017-02-28 19:46:49:230  [TID 2284    ][INFO    ] Server started on port 8080 [dmvcframework]
2017-02-28 19:46:49:818  [TID 8968    ][INFO    ] ENTER: Config default values [dmvcframework]
2017-02-28 19:46:49:818  [TID 8968    ][INFO    ] EXIT: Config default values [dmvcframework]
2017-02-28 19:46:49:818  [TID 8968    ][INFO    ] >> Custom configuration proc [dmvcframework]
2017-02-28 19:46:49:818  [TID 8968    ][INFO    ] << Custom configuration proc [dmvcframework]
2017-02-28 19:46:49:818  [TID 8968    ][INFO    ] ENTER: LoadSystemControllers [dmvcframework]
2017-02-28 19:46:49:818  [TID 8968    ][INFO    ] EXIT: LoadSystemControllers [dmvcframework]
2017-02-28 19:46:49:819  [TID 8968    ][INFO    ] GET:/ -> WS.HelloController.TWSHelloController - 200 OK [dmvcframework]
2017-02-28 19:46:54:623  [TID 10820   ][INFO    ] GET:/OData%3EOData%20Services%3C/a%3E%3Cbr%3E%3Ca%20href= -> NO ACTION  - 404 Not Found [dmvcframework]
2017-02-28 19:50:09:194  [TID 11488   ][INFO    ] Default Logger initialized [dmvcframework]
2017-02-28 19:50:09:194  [TID 11488   ][INFO    ] Server started on port 8080 [dmvcframework]
2017-02-28 19:50:09:776  [TID 1036    ][INFO    ] ENTER: Config default values [dmvcframework]
2017-02-28 19:50:09:776  [TID 1036    ][INFO    ] EXIT: Config default values [dmvcframework]
2017-02-28 19:50:09:776  [TID 1036    ][INFO    ] >> Custom configuration proc [dmvcframework]
2017-02-28 19:50:09:776  [TID 1036    ][INFO    ] << Custom configuration proc [dmvcframework]
2017-02-28 19:50:09:776  [TID 1036    ][INFO    ] ENTER: LoadSystemControllers [dmvcframework]
2017-02-28 19:50:09:776  [TID 1036    ][INFO    ] EXIT: LoadSystemControllers [dmvcframework]
2017-02-28 19:50:09:777  [TID 1036    ][INFO    ] GET:/ -> WS.HelloController.TWSHelloController - 200 OK [dmvcframework]
2017-02-28 19:50:16:879  [TID 1400    ][INFO    ] GET:/OData/$metadata -> MVC.oData.Base.TODataController - 200 OK [dmvcframework]
2017-02-28 19:50:20:565  [TID 11040   ][INFO    ] GET:/OData -> MVC.oData.Base.TODataController - 200 OK [dmvcframework]
2017-02-28 19:50:31:424  [TID 8520    ][INFO    ] GET:/www.odata.org -> NO ACTION  - 404 Not Found [dmvcframework]
2017-02-28 19:51:28:495  [TID 5468    ][INFO    ] Default Logger initialized [dmvcframework]
2017-02-28 19:51:28:495  [TID 5468    ][INFO    ] Server started on port 8080 [dmvcframework]
2017-02-28 19:51:29:122  [TID 12404   ][INFO    ] ENTER: Config default values [dmvcframework]
2017-02-28 19:51:29:122  [TID 12404   ][INFO    ] EXIT: Config default values [dmvcframework]
2017-02-28 19:51:29:122  [TID 12404   ][INFO    ] >> Custom configuration proc [dmvcframework]
2017-02-28 19:51:29:122  [TID 12404   ][INFO    ] << Custom configuration proc [dmvcframework]
2017-02-28 19:51:29:122  [TID 12404   ][INFO    ] ENTER: LoadSystemControllers [dmvcframework]
2017-02-28 19:51:29:122  [TID 12404   ][INFO    ] EXIT: LoadSystemControllers [dmvcframework]
2017-02-28 19:51:29:123  [TID 12404   ][INFO    ] GET:/ -> WS.HelloController.TWSHelloController - 200 OK [dmvcframework]
2017-02-28 19:51:33:491  [TID 4976    ][INFO    ] GET:/system/describeserver.info -> MVCFramework.SysControllers.TMVCSystemController - 200 OK [dmvcframework]
2017-02-28 19:51:39:245  [TID 6328    ][INFO    ] GET:/OData -> MVC.oData.Base.TODataController - 200 OK [dmvcframework]
2017-02-28 19:51:41:989  [TID 12764   ][INFO    ] GET:/OData/$metadata -> MVC.oData.Base.TODataController - 200 OK [dmvcframework]
2017-02-28 19:52:28:035  [TID 8460    ][INFO    ] Default Logger initialized [dmvcframework]
2017-02-28 19:52:28:035  [TID 8460    ][INFO    ] Server started on port 8080 [dmvcframework]
2017-02-28 19:52:28:704  [TID 13840   ][INFO    ] ENTER: Config default values [dmvcframework]
2017-02-28 19:52:28:704  [TID 13840   ][INFO    ] EXIT: Config default values [dmvcframework]
2017-02-28 19:52:28:704  [TID 13840   ][INFO    ] >> Custom configuration proc [dmvcframework]
2017-02-28 19:52:28:704  [TID 13840   ][INFO    ] << Custom configuration proc [dmvcframework]
2017-02-28 19:52:28:704  [TID 13840   ][INFO    ] ENTER: LoadSystemControllers [dmvcframework]
2017-02-28 19:52:28:704  [TID 13840   ][INFO    ] EXIT: LoadSystemControllers [dmvcframework]
2017-02-28 19:52:28:705  [TID 13840   ][INFO    ] GET:/ -> WS.HelloController.TWSHelloController - 200 OK [dmvcframework]
2017-02-28 19:52:35:400  [TID 3360    ][INFO    ] GET:/OData/$metadata -> MVC.oData.Base.TODataController - 200 OK [dmvcframework]
2017-02-28 19:52:40:599  [TID 10848   ][INFO    ] GET:/OData -> MVC.oData.Base.TODataController - 200 OK [dmvcframework]
2017-02-28 19:53:42:977  [TID 8008    ][INFO    ] Default Logger initialized [dmvcframework]
2017-02-28 19:53:42:988  [TID 8008    ][INFO    ] Server started on port 8080 [dmvcframework]
2017-02-28 19:53:43:640  [TID 8812    ][INFO    ] ENTER: Config default values [dmvcframework]
2017-02-28 19:53:43:640  [TID 8812    ][INFO    ] EXIT: Config default values [dmvcframework]
2017-02-28 19:53:43:640  [TID 8812    ][INFO    ] >> Custom configuration proc [dmvcframework]
2017-02-28 19:53:43:640  [TID 8812    ][INFO    ] << Custom configuration proc [dmvcframework]
2017-02-28 19:53:43:640  [TID 8812    ][INFO    ] ENTER: LoadSystemControllers [dmvcframework]
2017-02-28 19:53:43:640  [TID 8812    ][INFO    ] EXIT: LoadSystemControllers [dmvcframework]
2017-02-28 19:53:43:641  [TID 8812    ][INFO    ] GET:/ -> WS.HelloController.TWSHelloController - 200 OK [dmvcframework]
2017-02-28 19:53:48:860  [TID 9300    ][INFO    ] GET:/OData/$metadata -> MVC.oData.Base.TODataController - 200 OK [dmvcframework]
2017-02-28 19:57:32:047  [TID 4020    ][INFO    ] Default Logger initialized [dmvcframework]
2017-02-28 19:57:32:047  [TID 4020    ][INFO    ] Server started on port 8080 [dmvcframework]
2017-02-28 19:57:32:718  [TID 11188   ][INFO    ] ENTER: Config default values [dmvcframework]
2017-02-28 19:57:32:718  [TID 11188   ][INFO    ] EXIT: Config default values [dmvcframework]
2017-02-28 19:57:32:718  [TID 11188   ][INFO    ] >> Custom configuration proc [dmvcframework]
2017-02-28 19:57:32:718  [TID 11188   ][INFO    ] << Custom configuration proc [dmvcframework]
2017-02-28 19:57:32:718  [TID 11188   ][INFO    ] ENTER: LoadSystemControllers [dmvcframework]
2017-02-28 19:57:32:718  [TID 11188   ][INFO    ] EXIT: LoadSystemControllers [dmvcframework]
2017-02-28 19:57:32:720  [TID 11188   ][INFO    ] GET:/ -> WS.HelloController.TWSHelloController - 200 OK [dmvcframework]
2017-02-28 19:57:34:629  [TID 13268   ][INFO    ] GET:/OData/$metadata -> MVC.oData.Base.TODataController - 200 OK [dmvcframework]
2017-02-28 19:59:10:532  [TID 6660    ][INFO    ] Default Logger initialized [dmvcframework]
2017-02-28 19:59:10:538  [TID 6660    ][INFO    ] Server started on port 8080 [dmvcframework]
2017-02-28 19:59:13:269  [TID 2616    ][INFO    ] ENTER: Config default values [dmvcframework]
2017-02-28 19:59:13:269  [TID 2616    ][INFO    ] EXIT: Config default values [dmvcframework]
2017-02-28 19:59:13:269  [TID 2616    ][INFO    ] >> Custom configuration proc [dmvcframework]
2017-02-28 19:59:13:269  [TID 2616    ][INFO    ] << Custom configuration proc [dmvcframework]
2017-02-28 19:59:13:269  [TID 2616    ][INFO    ] ENTER: LoadSystemControllers [dmvcframework]
2017-02-28 19:59:13:269  [TID 2616    ][INFO    ] EXIT: LoadSystemControllers [dmvcframework]
2017-02-28 19:59:13:269  [TID 2616    ][INFO    ] GET:/ -> WS.HelloController.TWSHelloController - 200 OK [dmvcframework]
2017-02-28 19:59:13:307  [TID 13536   ][INFO    ] GET:/favicon.ico -> NO ACTION  - 404 Not Found [dmvcframework]
2017-02-28 19:59:27:052  [TID 12132   ][INFO    ] GET:/OData/OData.srv/grupos -> NO ACTION  - 404 Not Found [dmvcframework]
2017-02-28 19:59:31:942  [TID 10556   ][INFO    ] GET:/OData/$metadata -> MVC.oData.Base.TODataController - 200 OK [dmvcframework]
2017-02-28 19:59:52:726  [TID 4976    ][INFO    ] GET:/OData/OData.svc/grupos -> MVC.oData.Base.TODataController - 501 Not Implemented [dmvcframework]
2017-02-28 20:22:17:896  [TID 13444   ][INFO    ] Default Logger initialized [dmvcframework]
2017-02-28 20:22:17:896  [TID 13444   ][INFO    ] Server started on port 8080 [dmvcframework]
2017-02-28 20:22:18:504  [TID 1404    ][INFO    ] ENTER: Config default values [dmvcframework]
2017-02-28 20:22:18:505  [TID 1404    ][INFO    ] EXIT: Config default values [dmvcframework]
2017-02-28 20:22:18:505  [TID 1404    ][INFO    ] >> Custom configuration proc [dmvcframework]
2017-02-28 20:22:18:505  [TID 1404    ][INFO    ] << Custom configuration proc [dmvcframework]
2017-02-28 20:22:18:505  [TID 1404    ][INFO    ] ENTER: LoadSystemControllers [dmvcframework]
2017-02-28 20:22:18:505  [TID 1404    ][INFO    ] EXIT: LoadSystemControllers [dmvcframework]
2017-02-28 20:22:18:506  [TID 1404    ][INFO    ] GET:/ -> WS.HelloController.TWSHelloController - 200 OK [dmvcframework]
2017-02-28 20:22:27:419  [TID 7912    ][ERROR   ] [Exception] Object factory for class {3E9B315B-F456-4175-A864-B2573C4A2304} is missing. To register it, you can include unit [FireDAC.DApt] into your project (Custom message: "Global Action Exception Handler") [dmvcframework]
2017-02-28 20:22:27:420  [TID 7912    ][INFO    ] GET:/OData/OData.svc/grupos -> MVC.oData.Base.TODataController - 500  [dmvcframework]
2017-02-28 20:25:16:730  [TID 12404   ][INFO    ] Default Logger initialized [dmvcframework]
2017-02-28 20:25:16:730  [TID 12404   ][INFO    ] Server started on port 8080 [dmvcframework]
2017-02-28 20:25:19:425  [TID 8784    ][INFO    ] ENTER: Config default values [dmvcframework]
2017-02-28 20:25:19:425  [TID 8784    ][INFO    ] EXIT: Config default values [dmvcframework]
2017-02-28 20:25:19:425  [TID 8784    ][INFO    ] >> Custom configuration proc [dmvcframework]
2017-02-28 20:25:19:425  [TID 8784    ][INFO    ] << Custom configuration proc [dmvcframework]
2017-02-28 20:25:19:425  [TID 8784    ][INFO    ] ENTER: LoadSystemControllers [dmvcframework]
2017-02-28 20:25:19:425  [TID 8784    ][INFO    ] EXIT: LoadSystemControllers [dmvcframework]
2017-02-28 20:25:19:426  [TID 8784    ][INFO    ] GET:/ -> WS.HelloController.TWSHelloController - 200 OK [dmvcframework]
2017-02-28 20:25:19:524  [TID 11720   ][INFO    ] GET:/favicon.ico -> NO ACTION  - 404 Not Found [dmvcframework]
2017-02-28 20:25:23:435  [TID 12944   ][ERROR   ] [Exception] [FireDAC][Comp][Clnt]-512. Connection is not defined for []. Possible reason: Connection and ConnectionName property values are both empty<select  first 100 grupo,nome from ctgrupo as grupos> (Custom message: "Global Action Exception Handler") [dmvcframework]
2017-02-28 20:25:23:435  [TID 12944   ][INFO    ] GET:/OData/OData.svc/grupos -> MVC.oData.Base.TODataController - 500  [dmvcframework]
2017-02-28 20:26:49:866  [TID 5148    ][INFO    ] Default Logger initialized [dmvcframework]
2017-02-28 20:26:49:874  [TID 5148    ][INFO    ] Server started on port 8080 [dmvcframework]
2017-02-28 20:26:50:454  [TID 3760    ][INFO    ] ENTER: Config default values [dmvcframework]
2017-02-28 20:26:50:454  [TID 3760    ][INFO    ] EXIT: Config default values [dmvcframework]
2017-02-28 20:26:50:454  [TID 3760    ][INFO    ] >> Custom configuration proc [dmvcframework]
2017-02-28 20:26:50:454  [TID 3760    ][INFO    ] << Custom configuration proc [dmvcframework]
2017-02-28 20:26:50:454  [TID 3760    ][INFO    ] ENTER: LoadSystemControllers [dmvcframework]
2017-02-28 20:26:50:454  [TID 3760    ][INFO    ] EXIT: LoadSystemControllers [dmvcframework]
2017-02-28 20:26:50:456  [TID 3760    ][INFO    ] GET:/ -> WS.HelloController.TWSHelloController - 200 OK [dmvcframework]
2017-02-28 20:26:56:448  [TID 13140   ][INFO    ] GET:/OData/OData.svc/grupos -> MVC.oData.Base.TODataController - 200 OK [dmvcframework]
2017-02-28 20:27:36:894  [TID 12924   ][ERROR   ] [Exception] [FireDAC][Phys][FB]Dynamic SQL Error
SQL error code = -206
Column unknown
CTGRUPO.GRUPO
At line 1, column 67<select  first 100 grupo,nome from ctgrupo as grupos where ctgrupo.grupo = '07'> (Custom message: "Global Action Exception Handler") [dmvcframework]
2017-02-28 20:27:36:894  [TID 12924   ][INFO    ] GET:/OData/OData.svc/grupos('07') -> MVC.oData.Base.TODataController - 500  [dmvcframework]
2017-02-28 20:30:31:545  [TID 4796    ][INFO    ] Default Logger initialized [dmvcframework]
2017-02-28 20:30:31:545  [TID 4796    ][INFO    ] Server started on port 8080 [dmvcframework]
2017-02-28 20:30:32:083  [TID 11096   ][INFO    ] ENTER: Config default values [dmvcframework]
2017-02-28 20:30:32:084  [TID 11096   ][INFO    ] EXIT: Config default values [dmvcframework]
2017-02-28 20:30:32:084  [TID 11096   ][INFO    ] >> Custom configuration proc [dmvcframework]
2017-02-28 20:30:32:084  [TID 11096   ][INFO    ] << Custom configuration proc [dmvcframework]
2017-02-28 20:30:32:084  [TID 11096   ][INFO    ] ENTER: LoadSystemControllers [dmvcframework]
2017-02-28 20:30:32:084  [TID 11096   ][INFO    ] EXIT: LoadSystemControllers [dmvcframework]
2017-02-28 20:30:32:085  [TID 11096   ][INFO    ] GET:/ -> WS.HelloController.TWSHelloController - 200 OK [dmvcframework]
2017-02-28 20:30:37:464  [TID 10436   ][INFO    ] GET:/OData/OData.svc/grupos -> MVC.oData.Base.TODataController - 200 OK [dmvcframework]
2017-02-28 20:30:42:619  [TID 1164    ][ERROR   ] [Exception] [FireDAC][Phys][FB]Dynamic SQL Error
SQL error code = -206
Column unknown
CTGRUPO.GRUPO
At line 1, column 67<select  first 100 grupo,nome from ctgrupo as grupos where ctgrupo.grupo = '07'> (Custom message: "Global Action Exception Handler") [dmvcframework]
2017-02-28 20:30:42:620  [TID 1164    ][INFO    ] GET:/OData/OData.svc/grupos('07') -> MVC.oData.Base.TODataController - 500  [dmvcframework]
2017-02-28 20:32:49:108  [TID 6656    ][INFO    ] Default Logger initialized [dmvcframework]
2017-02-28 20:32:49:108  [TID 6656    ][INFO    ] Server started on port 8080 [dmvcframework]
2017-02-28 20:32:49:858  [TID 12824   ][INFO    ] ENTER: Config default values [dmvcframework]
2017-02-28 20:32:49:858  [TID 12824   ][INFO    ] EXIT: Config default values [dmvcframework]
2017-02-28 20:32:49:858  [TID 12824   ][INFO    ] >> Custom configuration proc [dmvcframework]
2017-02-28 20:32:49:858  [TID 12824   ][INFO    ] << Custom configuration proc [dmvcframework]
2017-02-28 20:32:49:858  [TID 12824   ][INFO    ] ENTER: LoadSystemControllers [dmvcframework]
2017-02-28 20:32:49:858  [TID 12824   ][INFO    ] EXIT: LoadSystemControllers [dmvcframework]
2017-02-28 20:32:49:859  [TID 12824   ][INFO    ] GET:/ -> WS.HelloController.TWSHelloController - 200 OK [dmvcframework]
2017-02-28 20:33:38:528  [TID 11252   ][INFO    ] Default Logger initialized [dmvcframework]
2017-02-28 20:33:38:528  [TID 11252   ][INFO    ] Server started on port 8080 [dmvcframework]
2017-02-28 20:33:39:102  [TID 2004    ][INFO    ] ENTER: Config default values [dmvcframework]
2017-02-28 20:33:39:102  [TID 2004    ][INFO    ] EXIT: Config default values [dmvcframework]
2017-02-28 20:33:39:102  [TID 2004    ][INFO    ] >> Custom configuration proc [dmvcframework]
2017-02-28 20:33:39:102  [TID 2004    ][INFO    ] << Custom configuration proc [dmvcframework]
2017-02-28 20:33:39:102  [TID 2004    ][INFO    ] ENTER: LoadSystemControllers [dmvcframework]
2017-02-28 20:33:39:102  [TID 2004    ][INFO    ] EXIT: LoadSystemControllers [dmvcframework]
2017-02-28 20:33:39:103  [TID 2004    ][INFO    ] GET:/ -> WS.HelloController.TWSHelloController - 200 OK [dmvcframework]
2017-02-28 20:34:08:985  [TID 2024    ][INFO    ] GET:/OData/OData.svc/grupos('07') -> MVC.oData.Base.TODataController - 200 OK [dmvcframework]
2017-02-28 20:34:21:222  [TID 9000    ][ERROR   ] [Exception] [FireDAC][Phys][FB]Dynamic SQL Error
SQL error code = -204
Ambiguous field name between table CTPROD and table CTGRUPO 
GRUPO<select  first 100 grupo,nome from ctgrupo as grupos join ctprod as produtos on (grupos.grupo=produtos.grupo) where grupos.grupo = '07'> (Custom message: "Global Action Exception Handler") [dmvcframework]
2017-02-28 20:34:21:222  [TID 9000    ][INFO    ] GET:/OData/OData.svc/grupos('07')/produtos -> MVC.oData.Base.TODataController - 500  [dmvcframework]
2017-02-28 20:35:49:651  [TID 12888   ][ERROR   ] [Exception] [FireDAC][Phys][FB]Dynamic SQL Error
SQL error code = -204
Ambiguous field name between table CTPROD and table CTGRUPO 
GRUPO<select  first 100 grupo,nome from ctgrupo as grupos join ctprod as produtos on (grupos.grupo=produtos.grupo) where grupos.grupo = '07'> (Custom message: "Global Action Exception Handler") [dmvcframework]
2017-02-28 20:35:49:651  [TID 12888   ][INFO    ] GET:/OData/OData.svc/grupos('07')/produtos -> MVC.oData.Base.TODataController - 500  [dmvcframework]
2017-02-28 20:38:03:497  [TID 12312   ][INFO    ] Default Logger initialized [dmvcframework]
2017-02-28 20:38:03:504  [TID 12312   ][INFO    ] Server started on port 8080 [dmvcframework]
2017-02-28 20:38:04:035  [TID 13184   ][INFO    ] ENTER: Config default values [dmvcframework]
2017-02-28 20:38:04:035  [TID 13184   ][INFO    ] EXIT: Config default values [dmvcframework]
2017-02-28 20:38:04:035  [TID 13184   ][INFO    ] >> Custom configuration proc [dmvcframework]
2017-02-28 20:38:04:035  [TID 13184   ][INFO    ] << Custom configuration proc [dmvcframework]
2017-02-28 20:38:04:035  [TID 13184   ][INFO    ] ENTER: LoadSystemControllers [dmvcframework]
2017-02-28 20:38:04:035  [TID 13184   ][INFO    ] EXIT: LoadSystemControllers [dmvcframework]
2017-02-28 20:38:04:036  [TID 13184   ][INFO    ] GET:/ -> WS.HelloController.TWSHelloController - 200 OK [dmvcframework]
2017-02-28 20:38:10:534  [TID 14028   ][INFO    ] GET:/OData/OData.svc/grupos('07')/produtos -> MVC.oData.Base.TODataController - 200 OK [dmvcframework]
2017-02-28 20:39:40:088  [TID 11664   ][INFO    ] Default Logger initialized [dmvcframework]
2017-02-28 20:39:40:097  [TID 11664   ][INFO    ] Server started on port 8080 [dmvcframework]
2017-02-28 20:39:40:736  [TID 10856   ][INFO    ] ENTER: Config default values [dmvcframework]
2017-02-28 20:39:40:736  [TID 10856   ][INFO    ] EXIT: Config default values [dmvcframework]
2017-02-28 20:39:40:736  [TID 10856   ][INFO    ] >> Custom configuration proc [dmvcframework]
2017-02-28 20:39:40:736  [TID 10856   ][INFO    ] << Custom configuration proc [dmvcframework]
2017-02-28 20:39:40:736  [TID 10856   ][INFO    ] ENTER: LoadSystemControllers [dmvcframework]
2017-02-28 20:39:40:736  [TID 10856   ][INFO    ] EXIT: LoadSystemControllers [dmvcframework]
2017-02-28 20:39:40:737  [TID 10856   ][INFO    ] GET:/ -> WS.HelloController.TWSHelloController - 200 OK [dmvcframework]
2017-02-28 20:39:48:155  [TID 5640    ][INFO    ] GET:/OData/OData.svc/grupos -> MVC.oData.Base.TODataController - 200 OK [dmvcframework]
2017-02-28 20:39:53:383  [TID 2824    ][INFO    ] GET:/OData/OData.svc/grupos -> MVC.oData.Base.TODataController - 200 OK [dmvcframework]
2017-02-28 20:39:58:552  [TID 13768   ][INFO    ] GET:/OData/OData.svc/grupos('07') -> MVC.oData.Base.TODataController - 200 OK [dmvcframework]
2017-02-28 20:40:05:344  [TID 192     ][ERROR   ] [Exception] [FireDAC][Phys][FB]Dynamic SQL Error
SQL error code = -206
Column unknown
PRODUTO.UNIDADE
At line 1, column 178<select  first 100 produtos.codigo,produtos.nome,produto.unidade,produtos.precovenda from ctgrupo as grupos join ctprod as produtos on (grupos.grupo=produtos.grupo) where grupos.grupo = '07'> (Custom message: "Global Action Exception Handler") [dmvcframework]
2017-02-28 20:40:05:356  [TID 192     ][INFO    ] GET:/OData/OData.svc/grupos('07')/produtos -> MVC.oData.Base.TODataController - 500  [dmvcframework]
2017-02-28 20:40:29:576  [TID 13084   ][INFO    ] Default Logger initialized [dmvcframework]
2017-02-28 20:40:29:576  [TID 13084   ][INFO    ] Server started on port 8080 [dmvcframework]
2017-02-28 20:40:30:119  [TID 2240    ][INFO    ] ENTER: Config default values [dmvcframework]
2017-02-28 20:40:30:119  [TID 2240    ][INFO    ] EXIT: Config default values [dmvcframework]
2017-02-28 20:40:30:119  [TID 2240    ][INFO    ] >> Custom configuration proc [dmvcframework]
2017-02-28 20:40:30:119  [TID 2240    ][INFO    ] << Custom configuration proc [dmvcframework]
2017-02-28 20:40:30:119  [TID 2240    ][INFO    ] ENTER: LoadSystemControllers [dmvcframework]
2017-02-28 20:40:30:119  [TID 2240    ][INFO    ] EXIT: LoadSystemControllers [dmvcframework]
2017-02-28 20:40:30:120  [TID 2240    ][INFO    ] GET:/ -> WS.HelloController.TWSHelloController - 200 OK [dmvcframework]
2017-02-28 20:40:35:133  [TID 13012   ][INFO    ] GET:/OData/OData.svc/grupos('07') -> MVC.oData.Base.TODataController - 200 OK [dmvcframework]
2017-02-28 20:40:42:965  [TID 13820   ][INFO    ] GET:/OData/OData.svc/grupos('07')/produtos -> MVC.oData.Base.TODataController - 200 OK [dmvcframework]
2017-02-28 20:41:34:016  [TID 12276   ][INFO    ] GET:/OData/OData.svc/grupos('07')/produtos -> MVC.oData.Base.TODataController - 200 OK [dmvcframework]
2017-02-28 20:41:45:713  [TID 12912   ][ERROR   ] [Exception] Field 'N__Count' not found<select  produtos.codigo,produtos.nome,produtos.unidade,produtos.precovenda from ctgrupo as grupos join ctprod as produtos on (grupos.grupo=produtos.grupo) where grupos.grupo = '07'> (Custom message: "Global Action Exception Handler") [dmvcframework]
2017-02-28 20:41:45:713  [TID 12912   ][INFO    ] GET:/OData/OData.svc/grupos('07')/produtos -> MVC.oData.Base.TODataController - 500  [dmvcframework]
2017-02-28 20:42:43:306  [TID 2592    ][INFO    ] Default Logger initialized [dmvcframework]
2017-02-28 20:42:43:319  [TID 2592    ][INFO    ] Server started on port 8080 [dmvcframework]
2017-02-28 20:42:44:093  [TID 6944    ][INFO    ] ENTER: Config default values [dmvcframework]
2017-02-28 20:42:44:093  [TID 6944    ][INFO    ] EXIT: Config default values [dmvcframework]
2017-02-28 20:42:44:093  [TID 6944    ][INFO    ] >> Custom configuration proc [dmvcframework]
2017-02-28 20:42:44:093  [TID 6944    ][INFO    ] << Custom configuration proc [dmvcframework]
2017-02-28 20:42:44:093  [TID 6944    ][INFO    ] ENTER: LoadSystemControllers [dmvcframework]
2017-02-28 20:42:44:093  [TID 6944    ][INFO    ] EXIT: LoadSystemControllers [dmvcframework]
2017-02-28 20:42:44:094  [TID 6944    ][INFO    ] GET:/ -> WS.HelloController.TWSHelloController - 200 OK [dmvcframework]
2017-02-28 20:42:49:467  [TID 11884   ][INFO    ] GET:/OData/OData.svc/grupos('07')/produtos -> MVC.oData.Base.TODataController - 200 OK [dmvcframework]
2017-02-28 20:43:18:452  [TID 10016   ][INFO    ] GET:/OData/OData.svc/grupos('07')/produtos -> MVC.oData.Base.TODataController - 200 OK [dmvcframework]
2017-02-28 20:44:10:577  [TID 11112   ][INFO    ] Default Logger initialized [dmvcframework]
2017-02-28 20:44:10:583  [TID 11112   ][INFO    ] Server started on port 8080 [dmvcframework]
2017-02-28 20:44:11:097  [TID 1744    ][INFO    ] ENTER: Config default values [dmvcframework]
2017-02-28 20:44:11:097  [TID 1744    ][INFO    ] EXIT: Config default values [dmvcframework]
2017-02-28 20:44:11:097  [TID 1744    ][INFO    ] >> Custom configuration proc [dmvcframework]
2017-02-28 20:44:11:097  [TID 1744    ][INFO    ] << Custom configuration proc [dmvcframework]
2017-02-28 20:44:11:097  [TID 1744    ][INFO    ] ENTER: LoadSystemControllers [dmvcframework]
2017-02-28 20:44:11:097  [TID 1744    ][INFO    ] EXIT: LoadSystemControllers [dmvcframework]
2017-02-28 20:44:11:098  [TID 1744    ][INFO    ] GET:/ -> WS.HelloController.TWSHelloController - 200 OK [dmvcframework]
2017-02-28 20:44:18:051  [TID 14228   ][INFO    ] GET:/OData/OData.svc/grupos('07')/produtos -> MVC.oData.Base.TODataController - 200 OK [dmvcframework]
2017-02-28 20:59:06:164  [TID 1528    ][INFO    ] Default Logger initialized [dmvcframework]
2017-02-28 20:59:06:164  [TID 1528    ][INFO    ] Server started on port 8080 [dmvcframework]
2017-02-28 20:59:06:883  [TID 11380   ][INFO    ] ENTER: Config default values [dmvcframework]
2017-02-28 20:59:06:883  [TID 11380   ][INFO    ] EXIT: Config default values [dmvcframework]
2017-02-28 20:59:06:883  [TID 11380   ][INFO    ] >> Custom configuration proc [dmvcframework]
2017-02-28 20:59:06:883  [TID 11380   ][INFO    ] << Custom configuration proc [dmvcframework]
2017-02-28 20:59:06:883  [TID 11380   ][INFO    ] ENTER: LoadSystemControllers [dmvcframework]
2017-02-28 20:59:06:883  [TID 11380   ][INFO    ] EXIT: LoadSystemControllers [dmvcframework]
2017-02-28 20:59:06:884  [TID 11380   ][INFO    ] GET:/ -> WS.HelloController.TWSHelloController - 200 OK [dmvcframework]
2017-02-28 20:59:06:933  [TID 13752   ][INFO    ] GET:/favicon.ico -> NO ACTION  - 404 Not Found [dmvcframework]
2017-02-28 20:59:10:807  [TID 9400    ][INFO    ] GET:/OData/$metadata -> MVC.oData.Base.TODataController - 200 OK [dmvcframework]
2017-02-28 21:05:01:807  [TID 3320    ][INFO    ] Default Logger initialized [dmvcframework]
2017-02-28 21:05:01:807  [TID 3320    ][INFO    ] Server started on port 8080 [dmvcframework]
2017-02-28 21:05:02:422  [TID 5492    ][INFO    ] ENTER: Config default values [dmvcframework]
2017-02-28 21:05:02:422  [TID 5492    ][INFO    ] EXIT: Config default values [dmvcframework]
2017-02-28 21:05:02:422  [TID 5492    ][INFO    ] >> Custom configuration proc [dmvcframework]
2017-02-28 21:05:02:422  [TID 5492    ][INFO    ] << Custom configuration proc [dmvcframework]
2017-02-28 21:05:02:422  [TID 5492    ][INFO    ] ENTER: LoadSystemControllers [dmvcframework]
2017-02-28 21:05:02:422  [TID 5492    ][INFO    ] EXIT: LoadSystemControllers [dmvcframework]
2017-02-28 21:05:02:423  [TID 5492    ][INFO    ] GET:/ -> WS.HelloController.TWSHelloController - 200 OK [dmvcframework]
2017-02-28 21:05:10:586  [TID 11544   ][INFO    ] GET:/system/describeserver.info -> MVCFramework.SysControllers.TMVCSystemController - 200 OK [dmvcframework]
2017-02-28 21:10:32:833  [TID 1740    ][INFO    ] Default Logger initialized [dmvcframework]
2017-02-28 21:10:32:833  [TID 1740    ][INFO    ] Server started on port 8080 [dmvcframework]
2017-02-28 21:10:33:438  [TID 9000    ][INFO    ] ENTER: Config default values [dmvcframework]
2017-02-28 21:10:33:439  [TID 9000    ][INFO    ] EXIT: Config default values [dmvcframework]
2017-02-28 21:10:33:439  [TID 9000    ][INFO    ] >> Custom configuration proc [dmvcframework]
2017-02-28 21:10:33:439  [TID 9000    ][INFO    ] << Custom configuration proc [dmvcframework]
2017-02-28 21:10:33:439  [TID 9000    ][INFO    ] ENTER: LoadSystemControllers [dmvcframework]
2017-02-28 21:10:33:439  [TID 9000    ][INFO    ] EXIT: LoadSystemControllers [dmvcframework]
2017-02-28 21:10:33:440  [TID 9000    ][INFO    ] GET:/ -> WS.HelloController.TWSHelloController - 200 OK [dmvcframework]
2017-02-28 21:10:36:652  [TID 10876   ][INFO    ] GET:/OData/$metadata -> MVC.oData.Base.TODataController - 200 OK [dmvcframework]
2017-02-28 21:10:43:123  [TID 196     ][INFO    ] GET:/system/describeserver.info -> MVCFramework.SysControllers.TMVCSystemController - 200 OK [dmvcframework]
2017-02-28 21:11:35:747  [TID 6368    ][INFO    ] Default Logger initialized [dmvcframework]
2017-02-28 21:11:35:747  [TID 6368    ][INFO    ] Server started on port 8080 [dmvcframework]
2017-02-28 21:11:36:336  [TID 10228   ][INFO    ] ENTER: Config default values [dmvcframework]
2017-02-28 21:11:36:336  [TID 10228   ][INFO    ] EXIT: Config default values [dmvcframework]
2017-02-28 21:11:36:336  [TID 10228   ][INFO    ] >> Custom configuration proc [dmvcframework]
2017-02-28 21:11:36:336  [TID 10228   ][INFO    ] << Custom configuration proc [dmvcframework]
2017-02-28 21:11:36:336  [TID 10228   ][INFO    ] ENTER: LoadSystemControllers [dmvcframework]
2017-02-28 21:11:36:336  [TID 10228   ][INFO    ] EXIT: LoadSystemControllers [dmvcframework]
2017-02-28 21:11:36:337  [TID 10228   ][INFO    ] GET:/ -> WS.HelloController.TWSHelloController - 200 OK [dmvcframework]
2017-02-28 21:11:37:982  [TID 8964    ][INFO    ] GET:/system/describeserver.info -> MVCFramework.SysControllers.TMVCSystemController - 200 OK [dmvcframework]
2017-02-28 21:15:01:791  [TID 13628   ][INFO    ] Default Logger initialized [dmvcframework]
2017-02-28 21:15:01:791  [TID 13628   ][INFO    ] Server started on port 8080 [dmvcframework]
2017-02-28 21:15:02:384  [TID 3496    ][INFO    ] ENTER: Config default values [dmvcframework]
2017-02-28 21:15:02:385  [TID 3496    ][INFO    ] EXIT: Config default values [dmvcframework]
2017-02-28 21:15:02:385  [TID 3496    ][INFO    ] >> Custom configuration proc [dmvcframework]
2017-02-28 21:15:02:385  [TID 3496    ][INFO    ] << Custom configuration proc [dmvcframework]
2017-02-28 21:15:02:385  [TID 3496    ][INFO    ] ENTER: LoadSystemControllers [dmvcframework]
2017-02-28 21:15:02:385  [TID 3496    ][INFO    ] EXIT: LoadSystemControllers [dmvcframework]
2017-02-28 21:15:02:386  [TID 3496    ][INFO    ] GET:/ -> WS.HelloController.TWSHelloController - 200 OK [dmvcframework]
2017-02-28 21:15:08:988  [TID 10404   ][INFO    ] GET:/system/describeserver.info -> MVCFramework.SysControllers.TMVCSystemController - 200 OK [dmvcframework]
2017-02-28 21:15:21:757  [TID 11336   ][INFO    ] GET:/OData/$metadata -> MVC.oData.Base.TODataController - 200 OK [dmvcframework]
2017-02-28 21:16:05:748  [TID 12660   ][INFO    ] GET:/system/describeserver.info -> MVCFramework.SysControllers.TMVCSystemController - 200 OK [dmvcframework]
2017-02-28 21:16:29:105  [TID 12124   ][INFO    ] GET:/system/describeserver.info -> MVCFramework.SysControllers.TMVCSystemController - 200 OK [dmvcframework]
2017-02-28 21:16:59:846  [TID 13732   ][INFO    ] GET:/system/describeplatform.info -> MVCFramework.SysControllers.TMVCSystemController - 200 OK [dmvcframework]
2017-02-28 21:17:25:980  [TID 1476    ][INFO    ] GET:/system/describeserver.info -> MVCFramework.SysControllers.TMVCSystemController - 200 OK [dmvcframework]
2017-02-28 21:18:24:724  [TID 11684   ][INFO    ] GET:/system/describeserver.info -> MVCFramework.SysControllers.TMVCSystemController - 200 OK [dmvcframework]
2017-02-28 21:18:29:198  [TID 13656   ][INFO    ] GET:/system/serverconfig.info -> MVCFramework.SysControllers.TMVCSystemController - 200 OK [dmvcframework]
2017-02-28 21:50:55:996  [TID 12900   ][INFO    ] Default Logger initialized [dmvcframework]
2017-02-28 21:50:55:996  [TID 12900   ][INFO    ] Server started on port 8080 [dmvcframework]
2017-02-28 21:50:56:643  [TID 9540    ][INFO    ] ENTER: Config default values [dmvcframework]
2017-02-28 21:50:56:643  [TID 9540    ][INFO    ] EXIT: Config default values [dmvcframework]
2017-02-28 21:50:56:643  [TID 9540    ][INFO    ] >> Custom configuration proc [dmvcframework]
2017-02-28 21:50:56:643  [TID 9540    ][INFO    ] << Custom configuration proc [dmvcframework]
2017-02-28 21:50:56:643  [TID 9540    ][INFO    ] ENTER: LoadSystemControllers [dmvcframework]
2017-02-28 21:50:56:643  [TID 9540    ][INFO    ] EXIT: LoadSystemControllers [dmvcframework]
2017-02-28 21:50:56:644  [TID 9540    ][INFO    ] GET:/ -> WS.HelloController.TWSHelloController - 200 OK [dmvcframework]
2017-02-28 21:52:28:699  [TID 13576   ][INFO    ] Default Logger initialized [dmvcframework]
2017-02-28 21:52:28:699  [TID 13576   ][INFO    ] Server started on port 8080 [dmvcframework]
2017-02-28 21:52:29:231  [TID 32      ][INFO    ] ENTER: Config default values [dmvcframework]
2017-02-28 21:52:29:231  [TID 32      ][INFO    ] EXIT: Config default values [dmvcframework]
2017-02-28 21:52:29:231  [TID 32      ][INFO    ] >> Custom configuration proc [dmvcframework]
2017-02-28 21:52:29:231  [TID 32      ][INFO    ] << Custom configuration proc [dmvcframework]
2017-02-28 21:52:29:231  [TID 32      ][INFO    ] ENTER: LoadSystemControllers [dmvcframework]
2017-02-28 21:52:29:231  [TID 32      ][INFO    ] EXIT: LoadSystemControllers [dmvcframework]
2017-02-28 21:52:29:232  [TID 32      ][INFO    ] GET:/ -> WS.HelloController.TWSHelloController - 200 OK [dmvcframework]
2017-02-28 21:56:17:398  [TID 12452   ][INFO    ] Default Logger initialized [dmvcframework]
2017-02-28 21:56:17:398  [TID 12452   ][INFO    ] Server started on port 8080 [dmvcframework]
2017-02-28 21:56:18:214  [TID 11064   ][INFO    ] ENTER: Config default values [dmvcframework]
2017-02-28 21:56:18:214  [TID 11064   ][INFO    ] EXIT: Config default values [dmvcframework]
2017-02-28 21:56:18:214  [TID 11064   ][INFO    ] >> Custom configuration proc [dmvcframework]
2017-02-28 21:56:18:214  [TID 11064   ][INFO    ] << Custom configuration proc [dmvcframework]
2017-02-28 21:56:18:214  [TID 11064   ][INFO    ] ENTER: LoadSystemControllers [dmvcframework]
2017-02-28 21:56:18:214  [TID 11064   ][INFO    ] EXIT: LoadSystemControllers [dmvcframework]
2017-02-28 21:56:18:215  [TID 11064   ][INFO    ] GET:/ -> WS.HelloController.TWSHelloController - 200 OK [dmvcframework]
2017-02-28 21:57:40:709  [TID 4828    ][INFO    ] Default Logger initialized [dmvcframework]
2017-02-28 21:57:40:709  [TID 4828    ][INFO    ] Server started on port 8080 [dmvcframework]
2017-02-28 21:57:41:238  [TID 12260   ][INFO    ] ENTER: Config default values [dmvcframework]
2017-02-28 21:57:41:238  [TID 12260   ][INFO    ] EXIT: Config default values [dmvcframework]
2017-02-28 21:57:41:238  [TID 12260   ][INFO    ] >> Custom configuration proc [dmvcframework]
2017-02-28 21:57:41:238  [TID 12260   ][INFO    ] << Custom configuration proc [dmvcframework]
2017-02-28 21:57:41:238  [TID 12260   ][INFO    ] ENTER: LoadSystemControllers [dmvcframework]
2017-02-28 21:57:41:238  [TID 12260   ][INFO    ] EXIT: LoadSystemControllers [dmvcframework]
2017-02-28 21:57:41:239  [TID 12260   ][INFO    ] GET:/ -> WS.HelloController.TWSHelloController - 200 OK [dmvcframework]
2017-02-28 22:15:11:944  [TID 13668   ][INFO    ] Default Logger initialized [dmvcframework]
2017-02-28 22:15:11:944  [TID 13668   ][INFO    ] Server started on port 8080 [dmvcframework]
2017-02-28 22:15:13:961  [TID 7772    ][INFO    ] ENTER: Config default values [dmvcframework]
2017-02-28 22:15:13:961  [TID 7772    ][INFO    ] EXIT: Config default values [dmvcframework]
2017-02-28 22:15:13:961  [TID 7772    ][INFO    ] >> Custom configuration proc [dmvcframework]
2017-02-28 22:15:13:961  [TID 7772    ][INFO    ] << Custom configuration proc [dmvcframework]
2017-02-28 22:15:13:961  [TID 7772    ][INFO    ] ENTER: LoadSystemControllers [dmvcframework]
2017-02-28 22:15:13:961  [TID 7772    ][INFO    ] EXIT: LoadSystemControllers [dmvcframework]
2017-02-28 22:15:13:962  [TID 7772    ][INFO    ] GET:/ -> WS.HelloController.TWSHelloController - 200 OK [dmvcframework]
2017-02-28 22:17:44:336  [TID 2680    ][INFO    ] GET:/system/describeserver.info -> MVCFramework.SysControllers.TMVCSystemController - 200 OK [dmvcframework]
2017-02-28 22:17:58:386  [TID 1868    ][INFO    ] GET:/system/describeserver.info -> MVCFramework.SysControllers.TMVCSystemController - 200 OK [dmvcframework]
2017-02-28 22:18:24:456  [TID 13776   ][INFO    ] GET:/system/describeplatform.info -> MVCFramework.SysControllers.TMVCSystemController - 200 OK [dmvcframework]
2017-02-28 22:18:48:453  [TID 7584    ][INFO    ] GET:/system/serverconfig.info -> MVCFramework.SysControllers.TMVCSystemController - 200 OK [dmvcframework]
2017-02-28 22:19:24:269  [TID 3992    ][INFO    ] GET:/ -> WS.HelloController.TWSHelloController - 200 OK [dmvcframework]
2017-02-28 22:19:28:737  [TID 13492   ][INFO    ] GET:/OData -> MVC.oData.Base.TODataController - 200 OK [dmvcframework]
2017-02-28 22:20:14:753  [TID 12628   ][INFO    ] GET:/OData/$metadata -> MVC.oData.Base.TODataController - 200 OK [dmvcframework]
2017-02-28 22:21:24:970  [TID 12284   ][INFO    ] GET:/OData -> MVC.oData.Base.TODataController - 200 OK [dmvcframework]
2017-02-28 22:22:00:040  [TID 13216   ][INFO    ] GET:/OData/OData.svc/grupos -> MVC.oData.Base.TODataController - 200 OK [dmvcframework]
2017-02-28 22:22:27:185  [TID 4944    ][ERROR   ] [Exception] [FireDAC][Phys][FB]Dynamic SQL Error
SQL error code = -104
Unexpected end of command - line 1, column 86<select  first 100 grupos.grupo,grupos.nome from ctgrupo as grupos where grupos.grupo = > (Custom message: "Global Action Exception Handler") [dmvcframework]
2017-02-28 22:22:27:185  [TID 4944    ][INFO    ] GET:/OData/OData.svc/grupos('104') -> MVC.oData.Base.TODataController - 500  [dmvcframework]
2017-02-28 22:22:48:436  [TID 11792   ][ERROR   ] [Exception] [FireDAC][Phys][FB]Dynamic SQL Error
SQL error code = -104
Unexpected end of command - line 1, column 86<select  first 100 grupos.grupo,grupos.nome from ctgrupo as grupos where grupos.grupo = > (Custom message: "Global Action Exception Handler") [dmvcframework]
2017-02-28 22:22:48:436  [TID 11792   ][INFO    ] GET:/OData/OData.svc/grupos('07') -> MVC.oData.Base.TODataController - 500  [dmvcframework]
2017-02-28 22:24:38:249  [TID 14072   ][INFO    ] Default Logger initialized [dmvcframework]
2017-02-28 22:24:38:249  [TID 14072   ][INFO    ] Server started on port 8080 [dmvcframework]
2017-02-28 22:24:39:764  [TID 432     ][INFO    ] ENTER: Config default values [dmvcframework]
2017-02-28 22:24:39:764  [TID 432     ][INFO    ] EXIT: Config default values [dmvcframework]
2017-02-28 22:24:39:764  [TID 432     ][INFO    ] >> Custom configuration proc [dmvcframework]
2017-02-28 22:24:39:764  [TID 432     ][INFO    ] << Custom configuration proc [dmvcframework]
2017-02-28 22:24:39:764  [TID 432     ][INFO    ] ENTER: LoadSystemControllers [dmvcframework]
2017-02-28 22:24:39:764  [TID 432     ][INFO    ] EXIT: LoadSystemControllers [dmvcframework]
2017-02-28 22:24:39:765  [TID 432     ][INFO    ] GET:/ -> WS.HelloController.TWSHelloController - 200 OK [dmvcframework]
2017-02-28 22:24:45:610  [TID 10056   ][ERROR   ] [Exception] [FireDAC][Phys][FB]Dynamic SQL Error
SQL error code = -104
Unexpected end of command - line 1, column 86<select  first 100 grupos.grupo,grupos.nome from ctgrupo as grupos where grupos.grupo = > (Custom message: "Global Action Exception Handler") [dmvcframework]
2017-02-28 22:24:45:610  [TID 10056   ][INFO    ] GET:/OData/OData.svc/grupos('07') -> MVC.oData.Base.TODataController - 500  [dmvcframework]
2017-02-28 22:24:48:362  [TID 32      ][ERROR   ] [Exception] [FireDAC][Phys][FB]Dynamic SQL Error
SQL error code = -104
Unexpected end of command - line 1, column 86<select  first 100 grupos.grupo,grupos.nome from ctgrupo as grupos where grupos.grupo = > (Custom message: "Global Action Exception Handler") [dmvcframework]
2017-02-28 22:24:48:362  [TID 32      ][INFO    ] GET:/OData/OData.svc/grupos('07') -> MVC.oData.Base.TODataController - 500  [dmvcframework]
2017-02-28 22:24:54:468  [TID 952     ][INFO    ] GET:/OData/OData.svc/grupos -> MVC.oData.Base.TODataController - 200 OK [dmvcframework]
2017-02-28 22:25:36:004  [TID 9172    ][INFO    ] Default Logger initialized [dmvcframework]
2017-02-28 22:25:36:014  [TID 9172    ][INFO    ] Server started on port 8080 [dmvcframework]
2017-02-28 22:25:37:291  [TID 13436   ][INFO    ] ENTER: Config default values [dmvcframework]
2017-02-28 22:25:37:291  [TID 13436   ][INFO    ] EXIT: Config default values [dmvcframework]
2017-02-28 22:25:37:291  [TID 13436   ][INFO    ] >> Custom configuration proc [dmvcframework]
2017-02-28 22:25:37:291  [TID 13436   ][INFO    ] << Custom configuration proc [dmvcframework]
2017-02-28 22:25:37:291  [TID 13436   ][INFO    ] ENTER: LoadSystemControllers [dmvcframework]
2017-02-28 22:25:37:291  [TID 13436   ][INFO    ] EXIT: LoadSystemControllers [dmvcframework]
2017-02-28 22:25:37:292  [TID 13436   ][INFO    ] GET:/ -> WS.HelloController.TWSHelloController - 200 OK [dmvcframework]
2017-02-28 22:25:49:977  [TID 12208   ][INFO    ] GET:/OData/OData.svc/grupos('07') -> MVC.oData.Base.TODataController - 200 OK [dmvcframework]
2017-02-28 22:26:00:689  [TID 1112    ][INFO    ] GET:/OData/OData.svc/grupos -> MVC.oData.Base.TODataController - 200 OK [dmvcframework]
2017-02-28 22:26:25:930  [TID 7116    ][INFO    ] GET:/OData/OData.svc/grupos('132') -> MVC.oData.Base.TODataController - 200 OK [dmvcframework]
2017-02-28 22:26:48:950  [TID 8424    ][INFO    ] GET:/OData/OData.svc/grupos -> MVC.oData.Base.TODataController - 200 OK [dmvcframework]
2017-02-28 22:26:57:774  [TID 14024   ][INFO    ] GET:/OData/OData.svc/grupos -> MVC.oData.Base.TODataController - 200 OK [dmvcframework]
2017-02-28 22:27:34:018  [TID 5468    ][INFO    ] GET:/OData/OData.svc/grupos -> MVC.oData.Base.TODataController - 200 OK [dmvcframework]
2017-02-28 22:27:47:012  [TID 8988    ][INFO    ] GET:/OData/OData.svc/grupos -> MVC.oData.Base.TODataController - 200 OK [dmvcframework]
2017-02-28 22:28:03:045  [TID 6888    ][INFO    ] GET:/OData/OData.svc/grupos -> MVC.oData.Base.TODataController - 200 OK [dmvcframework]
2017-02-28 22:28:41:769  [TID 12632   ][INFO    ] GET:/OData/OData.svc/grupos -> MVC.oData.Base.TODataController - 200 OK [dmvcframework]
2017-02-28 22:29:08:107  [TID 14128   ][INFO    ] GET:/OData/OData.svc/grupos -> MVC.oData.Base.TODataController - 200 OK [dmvcframework]
2017-02-28 22:29:21:012  [TID 12452   ][ERROR   ] [Exception] Serviço não disponível para o resource: senhas<> (Custom message: "Global Action Exception Handler") [dmvcframework]
2017-02-28 22:29:21:012  [TID 12452   ][INFO    ] GET:/OData/OData.svc/senhas -> MVC.oData.Base.TODataController - 500  [dmvcframework]
2017-02-28 22:29:34:032  [TID 1740    ][INFO    ] GET:/OData/OData.svc/grupos -> MVC.oData.Base.TODataController - 200 OK [dmvcframework]
2017-02-28 22:29:50:354  [TID 8068    ][INFO    ] GET:/OData/OData.svc/grupos('07') -> MVC.oData.Base.TODataController - 200 OK [dmvcframework]
2017-02-28 22:29:56:554  [TID 12160   ][INFO    ] GET:/OData/OData.svc/grupos('07')/produtos -> MVC.oData.Base.TODataController - 200 OK [dmvcframework]
2017-02-28 22:30:03:179  [TID 10528   ][INFO    ] GET:/OData/ -> NO ACTION  - 404 Not Found [dmvcframework]
2017-02-28 22:30:06:804  [TID 6844    ][INFO    ] GET:/OData -> MVC.oData.Base.TODataController - 200 OK [dmvcframework]
2017-02-28 22:30:21:966  [TID 13108   ][INFO    ] GET:/OData/OData.svc/grupos('07') -> MVC.oData.Base.TODataController - 200 OK [dmvcframework]
2017-02-28 22:30:29:007  [TID 12576   ][INFO    ] GET:/OData/OData.svc/grupos('07')/produtos -> MVC.oData.Base.TODataController - 200 OK [dmvcframework]
2017-02-28 22:31:13:004  [TID 12960   ][INFO    ] GET:/OData/OData.svc/grupos('07')/produtos -> MVC.oData.Base.TODataController - 200 OK [dmvcframework]
2017-02-28 22:32:05:499  [TID 5108    ][INFO    ] GET:/OData/OData.svc/grupos('07')/produtos -> MVC.oData.Base.TODataController - 200 OK [dmvcframework]
2017-02-28 22:38:32:172  [TID 3128    ][INFO    ] GET:/OData/OData.svc/grupos('07')/produtos -> MVC.oData.Base.TODataController - 200 OK [dmvcframework]
2017-02-28 22:42:49:780  [TID 12504   ][INFO    ] GET:/OData/OData.svc/grupos('07')/produtos -> MVC.oData.Base.TODataController - 200 OK [dmvcframework]
2017-02-28 22:43:08:035  [TID 10076   ][INFO    ] GET:/OData/OData.svc/grupos('07')/produtos -> MVC.oData.Base.TODataController - 200 OK [dmvcframework]
2017-02-28 22:43:18:822  [TID 13188   ][INFO    ] GET:/OData/OData.svc/grupos('07')/produtos -> MVC.oData.Base.TODataController - 200 OK [dmvcframework]
2017-02-28 22:43:51:808  [TID 9540    ][INFO    ] GET:/OData/OData.svc/grupos('07')/produtos -> MVC.oData.Base.TODataController - 200 OK [dmvcframework]
2017-02-28 22:45:32:502  [TID 9992    ][INFO    ] GET:/OData/OData.svc/grupos('07')/produtos -> MVC.oData.Base.TODataController - 200 OK [dmvcframework]
2017-02-28 22:45:52:895  [TID 14272   ][INFO    ] GET:/OData/OData.svc/grupos('07')/produtos -> MVC.oData.Base.TODataController - 200 OK [dmvcframework]
2017-02-28 22:46:16:951  [TID 5236    ][INFO    ] GET:/OData/OData.svc/grupos('07')/produtos -> MVC.oData.Base.TODataController - 200 OK [dmvcframework]
2017-02-28 22:49:04:932  [TID 8700    ][INFO    ] GET:/OData/OData.svc/grupos('07')/produtos -> MVC.oData.Base.TODataController - 200 OK [dmvcframework]
2017-02-28 22:49:22:507  [TID 12552   ][INFO    ] GET:/OData/OData.svc/grupos('07')/produtos -> MVC.oData.Base.TODataController - 200 OK [dmvcframework]
2017-02-28 22:56:50:523  [TID 7528    ][INFO    ] GET:/OData/OData.svc/grupos('07')/produtos -> MVC.oData.Base.TODataController - 200 OK [dmvcframework]
2017-02-28 23:04:35:617  [TID 11112   ][ERROR   ] [Exception] [FireDAC][Phys][FB]Dynamic SQL Error
SQL error code = -204
Ambiguous field name between table CTPROD and table CTGRUPO 
NOME<select  first 100 produtos.codigo,produtos.nome,produtos.unidade,produtos.precovenda from ctgrupo as grupos join ctprod as produtos on (grupos.grupo=produtos.grupo) where (grupos.grupo = '07') and nome like ('BOLO%')> (Custom message: "Global Action Exception Handler") [dmvcframework]
2017-02-28 23:04:35:617  [TID 11112   ][INFO    ] GET:/OData/OData.svc/grupos('07')/produtos -> MVC.oData.Base.TODataController - 500  [dmvcframework]
2017-02-28 23:04:53:096  [TID 6180    ][INFO    ] GET:/OData/OData.svc/grupos('07')/produtos -> MVC.oData.Base.TODataController - 200 OK [dmvcframework]
2017-02-28 23:05:22:441  [TID 2292    ][INFO    ] GET:/OData/OData.svc/grupos('07')/produtos -> MVC.oData.Base.TODataController - 200 OK [dmvcframework]
2017-02-28 23:05:49:714  [TID 7584    ][INFO    ] GET:/OData/OData.svc/grupos('07')/produtos -> MVC.oData.Base.TODataController - 200 OK [dmvcframework]
2017-02-28 23:17:14:856  [TID 10112   ][INFO    ] GET:/OData/OData.svc/grupos('07')/produtos -> MVC.oData.Base.TODataController - 200 OK [dmvcframework]
2017-02-28 23:18:21:154  [TID 11612   ][INFO    ] GET:/OData/OData.svc/grupos('07')/produtos -> MVC.oData.Base.TODataController - 200 OK [dmvcframework]
2017-03-01 00:05:56:332  [TID 10648   ][INFO    ] Default Logger initialized [dmvcframework]
2017-03-01 00:05:56:332  [TID 10648   ][INFO    ] Server started on port 8080 [dmvcframework]
2017-03-01 00:05:57:127  [TID 11360   ][INFO    ] ENTER: Config default values [dmvcframework]
2017-03-01 00:05:57:127  [TID 11360   ][INFO    ] EXIT: Config default values [dmvcframework]
2017-03-01 00:05:57:127  [TID 11360   ][INFO    ] >> Custom configuration proc [dmvcframework]
2017-03-01 00:05:57:127  [TID 11360   ][INFO    ] << Custom configuration proc [dmvcframework]
2017-03-01 00:05:57:127  [TID 11360   ][INFO    ] ENTER: LoadSystemControllers [dmvcframework]
2017-03-01 00:05:57:127  [TID 11360   ][INFO    ] EXIT: LoadSystemControllers [dmvcframework]
2017-03-01 00:05:57:128  [TID 11360   ][INFO    ] GET:/ -> WS.HelloController.TWSHelloController - 200 OK [dmvcframework]
2017-03-01 00:06:34:374  [TID 5672    ][INFO    ] GET:/OData/OData.svc/grupos('07')/produtos -> MVC.oData.Base.TODataController - 200 OK [dmvcframework]
2017-03-01 00:06:41:967  [TID 10748   ][INFO    ] GET:/OData/OData.svc/grupos('07')/produtos -> MVC.oData.Base.TODataController - 200 OK [dmvcframework]
2017-03-01 00:06:52:341  [TID 13040   ][INFO    ] GET:/OData/OData.svc/grupos('07')/produtos -> MVC.oData.Base.TODataController - 200 OK [dmvcframework]
2017-03-01 13:46:38:054  [TID 9488    ][INFO    ] Default Logger initialized [dmvcframework]
2017-03-01 13:46:38:054  [TID 9488    ][INFO    ] Server started on port 8080 [dmvcframework]
2017-03-01 13:46:40:943  [TID 11964   ][INFO    ] ENTER: Config default values [dmvcframework]
2017-03-01 13:46:40:943  [TID 11964   ][INFO    ] EXIT: Config default values [dmvcframework]
2017-03-01 13:46:40:943  [TID 11964   ][INFO    ] >> Custom configuration proc [dmvcframework]
2017-03-01 13:46:40:943  [TID 11964   ][INFO    ] << Custom configuration proc [dmvcframework]
2017-03-01 13:46:40:943  [TID 11964   ][INFO    ] ENTER: LoadSystemControllers [dmvcframework]
2017-03-01 13:46:40:943  [TID 11964   ][INFO    ] EXIT: LoadSystemControllers [dmvcframework]
2017-03-01 13:46:40:944  [TID 11964   ][INFO    ] GET:/ -> WS.HelloController.TWSHelloController - 200 OK [dmvcframework]
2017-03-01 13:46:41:117  [TID 12184   ][INFO    ] GET:/favicon.ico -> NO ACTION  - 404 Not Found [dmvcframework]
2017-03-01 13:47:07:017  [TID 7396    ][INFO    ] GET:/OData/$metadata -> MVC.oData.Base.TODataController - 200 OK [dmvcframework]
2017-03-01 13:47:15:644  [TID 9168    ][INFO    ] GET:/OData/OData.svc/grupos -> MVC.oData.Base.TODataController - 200 OK [dmvcframework]
2017-03-01 13:47:37:877  [TID 9040    ][INFO    ] GET:/OData/OData.svc/grupos('13') -> MVC.oData.Base.TODataController - 200 OK [dmvcframework]
2017-03-01 13:47:52:153  [TID 11864   ][INFO    ] GET:/OData/OData.svc/grupos('13')/produtos -> MVC.oData.Base.TODataController - 200 OK [dmvcframework]
2017-03-01 13:48:23:774  [TID 12748   ][INFO    ] GET:/OData/OData.svc/grupos('13')/produtos -> MVC.oData.Base.TODataController - 200 OK [dmvcframework]
2017-03-01 13:48:44:425  [TID 2392    ][ERROR   ] [Exception] [FireDAC][Phys][FB]Dynamic SQL Error
SQL error code = -204
Ambiguous field name between table CTPROD and table CTGRUPO 
NOME<select  first 100 codigo,nome,unidade from ctgrupo as grupos join ctprod as produtos on (grupos.grupo=produtos.grupo) where grupos.grupo = '13'> (Custom message: "Global Action Exception Handler") [dmvcframework]
2017-03-01 13:48:44:425  [TID 2392    ][INFO    ] GET:/OData/OData.svc/grupos('13')/produtos -> MVC.oData.Base.TODataController - 500  [dmvcframework]
2017-03-01 13:49:00:898  [TID 780     ][INFO    ] GET:/OData/OData.svc/grupos('13')/produtos -> MVC.oData.Base.TODataController - 200 OK [dmvcframework]
2017-03-01 13:49:14:412  [TID 12784   ][INFO    ] GET:/OData/OData.svc/grupos('13')/produtos -> MVC.oData.Base.TODataController - 200 OK [dmvcframework]
2017-03-01 13:49:40:871  [TID 8624    ][INFO    ] GET:/OData/OData.svc/grupos('13')/produtos -> MVC.oData.Base.TODataController - 200 OK [dmvcframework]
2017-03-01 13:50:49:406  [TID 7916    ][INFO    ] GET:/OData/OData.svc/grupos('13')/produtos -> MVC.oData.Base.TODataController - 200 OK [dmvcframework]
2017-03-01 16:14:23:050  [TID 11340   ][INFO    ] Default Logger initialized [dmvcframework]
2017-03-01 16:14:23:089  [TID 11340   ][INFO    ] Server started on port 8080 [dmvcframework]
2017-03-01 16:14:27:023  [TID 6628    ][INFO    ] ENTER: Config default values [dmvcframework]
2017-03-01 16:14:27:023  [TID 6628    ][INFO    ] EXIT: Config default values [dmvcframework]
2017-03-01 16:14:27:023  [TID 6628    ][INFO    ] >> Custom configuration proc [dmvcframework]
2017-03-01 16:14:27:023  [TID 6628    ][INFO    ] << Custom configuration proc [dmvcframework]
2017-03-01 16:14:27:023  [TID 6628    ][INFO    ] ENTER: LoadSystemControllers [dmvcframework]
2017-03-01 16:14:27:023  [TID 6628    ][INFO    ] EXIT: LoadSystemControllers [dmvcframework]
2017-03-01 16:14:27:024  [TID 6628    ][INFO    ] GET:/ -> WS.HelloController.TWSHelloController - 200 OK [dmvcframework]
2017-03-01 16:14:27:141  [TID 13848   ][INFO    ] GET:/favicon.ico -> NO ACTION  - 404 Not Found [dmvcframework]
2017-03-01 16:14:45:948  [TID 6620    ][INFO    ] GET:/OData/OData.svc/grupos('07') -> MVC.oData.Base.TODataController - 200 OK [dmvcframework]
2017-03-01 16:16:17:969  [TID 5312    ][INFO    ] Default Logger initialized [dmvcframework]
2017-03-01 16:16:17:969  [TID 5312    ][INFO    ] Server started on port 8080 [dmvcframework]
2017-03-01 16:16:18:836  [TID 4688    ][INFO    ] ENTER: Config default values [dmvcframework]
2017-03-01 16:16:18:836  [TID 4688    ][INFO    ] EXIT: Config default values [dmvcframework]
2017-03-01 16:16:18:836  [TID 4688    ][INFO    ] >> Custom configuration proc [dmvcframework]
2017-03-01 16:16:18:836  [TID 4688    ][INFO    ] << Custom configuration proc [dmvcframework]
2017-03-01 16:16:18:836  [TID 4688    ][INFO    ] ENTER: LoadSystemControllers [dmvcframework]
2017-03-01 16:16:18:836  [TID 4688    ][INFO    ] EXIT: LoadSystemControllers [dmvcframework]
2017-03-01 16:16:18:837  [TID 4688    ][INFO    ] GET:/ -> WS.HelloController.TWSHelloController - 200 OK [dmvcframework]
2017-03-01 16:16:31:526  [TID 8652    ][INFO    ] GET:/OData/OData.svc/grupos('07') -> MVC.oData.Base.TODataController - 200 OK [dmvcframework]
2017-03-01 16:17:54:816  [TID 10772   ][INFO    ] Default Logger initialized [dmvcframework]
2017-03-01 16:17:54:816  [TID 10772   ][INFO    ] Server started on port 8080 [dmvcframework]
2017-03-01 16:17:55:761  [TID 13268   ][INFO    ] ENTER: Config default values [dmvcframework]
2017-03-01 16:17:55:761  [TID 13268   ][INFO    ] EXIT: Config default values [dmvcframework]
2017-03-01 16:17:55:761  [TID 13268   ][INFO    ] >> Custom configuration proc [dmvcframework]
2017-03-01 16:17:55:761  [TID 13268   ][INFO    ] << Custom configuration proc [dmvcframework]
2017-03-01 16:17:55:761  [TID 13268   ][INFO    ] ENTER: LoadSystemControllers [dmvcframework]
2017-03-01 16:17:55:761  [TID 13268   ][INFO    ] EXIT: LoadSystemControllers [dmvcframework]
2017-03-01 16:17:55:762  [TID 13268   ][INFO    ] GET:/ -> WS.HelloController.TWSHelloController - 200 OK [dmvcframework]
2017-03-01 16:18:05:108  [TID 9112    ][ERROR   ] [Exception] Serviço não disponível para o resource: /<> (Custom message: "Global Action Exception Handler") [dmvcframework]
2017-03-01 16:18:05:108  [TID 9112    ][INFO    ] GET:/OData/OData.svc/grupos('07') -> MVC.oData.Base.TODataController - 500  [dmvcframework]
2017-03-01 16:18:38:199  [TID 11788   ][INFO    ] Default Logger initialized [dmvcframework]
2017-03-01 16:18:38:199  [TID 11788   ][INFO    ] Server started on port 8080 [dmvcframework]
2017-03-01 16:18:39:434  [TID 7360    ][INFO    ] ENTER: Config default values [dmvcframework]
2017-03-01 16:18:39:435  [TID 7360    ][INFO    ] EXIT: Config default values [dmvcframework]
2017-03-01 16:18:39:435  [TID 7360    ][INFO    ] >> Custom configuration proc [dmvcframework]
2017-03-01 16:18:39:435  [TID 7360    ][INFO    ] << Custom configuration proc [dmvcframework]
2017-03-01 16:18:39:435  [TID 7360    ][INFO    ] ENTER: LoadSystemControllers [dmvcframework]
2017-03-01 16:18:39:435  [TID 7360    ][INFO    ] EXIT: LoadSystemControllers [dmvcframework]
2017-03-01 16:18:39:435  [TID 7360    ][INFO    ] GET:/ -> WS.HelloController.TWSHelloController - 200 OK [dmvcframework]
2017-03-01 16:19:40:775  [TID 13472   ][INFO    ] GET:/OData/OData.svc/grupos('07') -> MVC.oData.Base.TODataController - 200 OK [dmvcframework]
2017-03-01 16:23:47:100  [TID 5872    ][INFO    ] Default Logger initialized [dmvcframework]
2017-03-01 16:23:47:100  [TID 5872    ][INFO    ] Server started on port 8080 [dmvcframework]
2017-03-01 16:23:47:724  [TID 13252   ][INFO    ] ENTER: Config default values [dmvcframework]
2017-03-01 16:23:47:724  [TID 13252   ][INFO    ] EXIT: Config default values [dmvcframework]
2017-03-01 16:23:47:724  [TID 13252   ][INFO    ] >> Custom configuration proc [dmvcframework]
2017-03-01 16:23:47:724  [TID 13252   ][INFO    ] << Custom configuration proc [dmvcframework]
2017-03-01 16:23:47:724  [TID 13252   ][INFO    ] ENTER: LoadSystemControllers [dmvcframework]
2017-03-01 16:23:47:724  [TID 13252   ][INFO    ] EXIT: LoadSystemControllers [dmvcframework]
2017-03-01 16:23:47:725  [TID 13252   ][INFO    ] GET:/ -> WS.HelloController.TWSHelloController - 200 OK [dmvcframework]
2017-03-01 16:24:57:006  [TID 3948    ][INFO    ] Default Logger initialized [dmvcframework]
2017-03-01 16:24:57:006  [TID 3948    ][INFO    ] Server started on port 8080 [dmvcframework]
2017-03-01 16:24:58:029  [TID 10996   ][INFO    ] ENTER: Config default values [dmvcframework]
2017-03-01 16:24:58:029  [TID 10996   ][INFO    ] EXIT: Config default values [dmvcframework]
2017-03-01 16:24:58:029  [TID 10996   ][INFO    ] >> Custom configuration proc [dmvcframework]
2017-03-01 16:24:58:029  [TID 10996   ][INFO    ] << Custom configuration proc [dmvcframework]
2017-03-01 16:24:58:029  [TID 10996   ][INFO    ] ENTER: LoadSystemControllers [dmvcframework]
2017-03-01 16:24:58:029  [TID 10996   ][INFO    ] EXIT: LoadSystemControllers [dmvcframework]
2017-03-01 16:24:58:030  [TID 10996   ][INFO    ] GET:/ -> WS.HelloController.TWSHelloController - 200 OK [dmvcframework]
2017-03-01 16:25:28:272  [TID 4240    ][INFO    ] GET:/OData/OData.svc/grupos(grupo='07') -> MVC.oData.Base.TODataController - 200 OK [dmvcframework]
2017-03-01 16:32:24:722  [TID 10100   ][INFO    ] Default Logger initialized [dmvcframework]
2017-03-01 16:32:24:722  [TID 10100   ][INFO    ] Server started on port 8080 [dmvcframework]
2017-03-01 16:32:25:493  [TID 11024   ][INFO    ] ENTER: Config default values [dmvcframework]
2017-03-01 16:32:25:493  [TID 11024   ][INFO    ] EXIT: Config default values [dmvcframework]
2017-03-01 16:32:25:493  [TID 11024   ][INFO    ] >> Custom configuration proc [dmvcframework]
2017-03-01 16:32:25:493  [TID 11024   ][INFO    ] << Custom configuration proc [dmvcframework]
2017-03-01 16:32:25:493  [TID 11024   ][INFO    ] ENTER: LoadSystemControllers [dmvcframework]
2017-03-01 16:32:25:493  [TID 11024   ][INFO    ] EXIT: LoadSystemControllers [dmvcframework]
2017-03-01 16:32:25:494  [TID 11024   ][INFO    ] GET:/ -> WS.HelloController.TWSHelloController - 200 OK [dmvcframework]
2017-03-01 16:32:49:550  [TID 13088   ][INFO    ] GET:/OData/OData.svc/grupos(grupo='07') -> MVC.oData.Base.TODataController - 200 OK [dmvcframework]
2017-03-01 16:33:09:668  [TID 4684    ][INFO    ] GET:/OData/OData.svc/grupos(comissao=7) -> MVC.oData.Base.TODataController - 200 OK [dmvcframework]
2017-03-01 16:50:31:470  [TID 13552   ][INFO    ] Default Logger initialized [dmvcframework]
2017-03-01 16:50:31:470  [TID 13552   ][INFO    ] Server started on port 8080 [dmvcframework]
2017-03-01 16:50:32:513  [TID 6576    ][INFO    ] ENTER: Config default values [dmvcframework]
2017-03-01 16:50:32:513  [TID 6576    ][INFO    ] EXIT: Config default values [dmvcframework]
2017-03-01 16:50:32:513  [TID 6576    ][INFO    ] >> Custom configuration proc [dmvcframework]
2017-03-01 16:50:32:513  [TID 6576    ][INFO    ] << Custom configuration proc [dmvcframework]
2017-03-01 16:50:32:513  [TID 6576    ][INFO    ] ENTER: LoadSystemControllers [dmvcframework]
2017-03-01 16:50:32:513  [TID 6576    ][INFO    ] EXIT: LoadSystemControllers [dmvcframework]
2017-03-01 16:50:32:514  [TID 6576    ][INFO    ] GET:/ -> WS.HelloController.TWSHelloController - 200 OK [dmvcframework]
2017-03-01 16:51:25:782  [TID 12532   ][INFO    ] Default Logger initialized [dmvcframework]
2017-03-01 16:51:25:782  [TID 12532   ][INFO    ] Server started on port 8080 [dmvcframework]
2017-03-01 16:51:26:408  [TID 360     ][INFO    ] ENTER: Config default values [dmvcframework]
2017-03-01 16:51:26:408  [TID 360     ][INFO    ] EXIT: Config default values [dmvcframework]
2017-03-01 16:51:26:408  [TID 360     ][INFO    ] >> Custom configuration proc [dmvcframework]
2017-03-01 16:51:26:408  [TID 360     ][INFO    ] << Custom configuration proc [dmvcframework]
2017-03-01 16:51:26:408  [TID 360     ][INFO    ] ENTER: LoadSystemControllers [dmvcframework]
2017-03-01 16:51:26:408  [TID 360     ][INFO    ] EXIT: LoadSystemControllers [dmvcframework]
2017-03-01 16:51:26:409  [TID 360     ][INFO    ] GET:/ -> WS.HelloController.TWSHelloController - 200 OK [dmvcframework]
2017-03-01 16:51:47:096  [TID 5780    ][INFO    ] GET:/OData/OData.svc/grupos(grupo='07') -> MVC.oData.Base.TODataController - 200 OK [dmvcframework]
2017-03-01 16:52:29:734  [TID 11436   ][ERROR   ] [Exception] [FireDAC][Phys][FB]Dynamic SQL Error
SQL error code = -104
Token unknown - line 1, column 71
and<select  first 100 * from ctgrupo as grupos where grupos.grupo=le and  and > (Custom message: "Global Action Exception Handler") [dmvcframework]
2017-03-01 16:52:29:734  [TID 11436   ][INFO    ] GET:/OData/OData.svc/grupos(grupo%20le%20'07') -> MVC.oData.Base.TODataController - 500  [dmvcframework]
2017-03-01 16:52:50:559  [TID 3708    ][ERROR   ] [Exception] [FireDAC][Phys][FB]Dynamic SQL Error
SQL error code = -104
Token unknown - line 1, column 71
and<select  first 100 * from ctgrupo as grupos where grupos.grupo=le and  and > (Custom message: "Global Action Exception Handler") [dmvcframework]
2017-03-01 16:52:50:559  [TID 3708    ][INFO    ] GET:/OData/OData.svc/grupos(grupo%20le%20'07') -> MVC.oData.Base.TODataController - 500  [dmvcframework]
2017-03-01 16:54:49:877  [TID 11508   ][INFO    ] Default Logger initialized [dmvcframework]
2017-03-01 16:54:49:877  [TID 11508   ][INFO    ] Server started on port 8080 [dmvcframework]
2017-03-01 16:54:50:330  [TID 5700    ][INFO    ] ENTER: Config default values [dmvcframework]
2017-03-01 16:54:50:330  [TID 5700    ][INFO    ] EXIT: Config default values [dmvcframework]
2017-03-01 16:54:50:330  [TID 5700    ][INFO    ] >> Custom configuration proc [dmvcframework]
2017-03-01 16:54:50:330  [TID 5700    ][INFO    ] << Custom configuration proc [dmvcframework]
2017-03-01 16:54:50:330  [TID 5700    ][INFO    ] ENTER: LoadSystemControllers [dmvcframework]
2017-03-01 16:54:50:330  [TID 5700    ][INFO    ] EXIT: LoadSystemControllers [dmvcframework]
2017-03-01 16:55:05:437  [TID 5700    ][INFO    ] GET:/OData/OData.svc/grupos(grupo%20le%20'07') -> MVC.oData.Base.TODataController - 200 OK [dmvcframework]
2017-03-01 16:55:05:630  [TID 6548    ][INFO    ] GET:/ -> WS.HelloController.TWSHelloController - 200 OK [dmvcframework]
2017-03-01 16:55:20:010  [TID 12836   ][INFO    ] GET:/OData/OData.svc/grupos(grupo%20le%20'07') -> MVC.oData.Base.TODataController - 200 OK [dmvcframework]
2017-03-01 16:55:35:485  [TID 3684    ][INFO    ] GET:/OData/OData.svc/grupos(grupo%20ne%20'07') -> MVC.oData.Base.TODataController - 200 OK [dmvcframework]
2017-03-01 16:55:51:012  [TID 9840    ][INFO    ] GET:/OData/OData.svc/grupos('07')/produtos -> MVC.oData.Base.TODataController - 200 OK [dmvcframework]
2017-03-01 16:55:59:953  [TID 6312    ][INFO    ] GET:/OData/OData.svc/grupos(grupo='07')/produtos -> MVC.oData.Base.TODataController - 200 OK [dmvcframework]
2017-03-01 16:56:11:964  [TID 4964    ][INFO    ] GET:/OData/OData.svc/grupos(grupo%20lt%20'07')/produtos -> MVC.oData.Base.TODataController - 200 OK [dmvcframework]
2017-03-01 16:56:35:308  [TID 4428    ][INFO    ] GET:/OData/OData.svc/grupos(grupo%20gt%20'07')/produtos -> MVC.oData.Base.TODataController - 200 OK [dmvcframework]
2017-03-01 16:57:07:621  [TID 13600   ][INFO    ] GET:/OData/OData.svc/grupos(grupo%20gt%20'07')/produtos -> MVC.oData.Base.TODataController - 200 OK [dmvcframework]
2017-03-01 16:57:18:759  [TID 9500    ][INFO    ] GET:/OData/OData.svc/grupos(grupo%20ge%20'07')/produtos -> MVC.oData.Base.TODataController - 200 OK [dmvcframework]
2017-03-01 16:58:09:446  [TID 10348   ][INFO    ] GET:/OData/OData.svc/grupos(grupo%20ge%20'07')/produtos -> MVC.oData.Base.TODataController - 200 OK [dmvcframework]
2017-03-01 16:58:16:705  [TID 11448   ][INFO    ] GET:/OData/OData.svc/grupos(grupo%20ge%20'07') -> MVC.oData.Base.TODataController - 200 OK [dmvcframework]
2017-03-01 16:58:27:952  [TID 14220   ][INFO    ] GET:/OData/OData.svc/grupos(grupo%20gt%20'07') -> MVC.oData.Base.TODataController - 200 OK [dmvcframework]
2017-03-01 16:59:00:434  [TID 11528   ][INFO    ] GET:/OData/OData.svc/grupos(grupo%20gt%20'07') -> MVC.oData.Base.TODataController - 200 OK [dmvcframework]
2017-03-01 16:59:19:209  [TID 9132    ][INFO    ] GET:/OData/OData.svc/grupos -> MVC.oData.Base.TODataController - 200 OK [dmvcframework]
2017-03-01 17:17:17:542  [TID 5896    ][INFO    ] Default Logger initialized [dmvcframework]
2017-03-01 17:17:17:542  [TID 5896    ][INFO    ] Server started on port 8080 [dmvcframework]
2017-03-01 17:17:19:603  [TID 10996   ][INFO    ] ENTER: Config default values [dmvcframework]
2017-03-01 17:17:19:603  [TID 10996   ][INFO    ] EXIT: Config default values [dmvcframework]
2017-03-01 17:17:19:603  [TID 10996   ][INFO    ] >> Custom configuration proc [dmvcframework]
2017-03-01 17:17:19:603  [TID 10996   ][INFO    ] << Custom configuration proc [dmvcframework]
2017-03-01 17:17:19:603  [TID 10996   ][INFO    ] ENTER: LoadSystemControllers [dmvcframework]
2017-03-01 17:17:19:603  [TID 10996   ][INFO    ] EXIT: LoadSystemControllers [dmvcframework]
2017-03-01 17:17:19:605  [TID 10996   ][INFO    ] GET:/ -> WS.HelloController.TWSHelloController - 200 OK [dmvcframework]
2017-03-01 17:17:27:336  [TID 13184   ][INFO    ] GET:/OData/OData.svc/grupos -> MVC.oData.Base.TODataController - 200 OK [dmvcframework]
2017-03-01 17:17:43:004  [TID 10848   ][INFO    ] GET:/OData/OData.svc/grupos(comissao=7) -> MVC.oData.Base.TODataController - 200 OK [dmvcframework]
2017-03-01 17:17:54:600  [TID 10896   ][INFO    ] GET:/OData/OData.svc/grupos(comissao=7) -> MVC.oData.Base.TODataController - 200 OK [dmvcframework]
2017-03-01 17:18:03:544  [TID 8212    ][INFO    ] GET:/OData/OData.svc/grupos(comissao%20ne%207) -> MVC.oData.Base.TODataController - 200 OK [dmvcframework]
2017-03-01 20:15:38:101  [TID 10740   ][INFO    ] Default Logger initialized [dmvcframework]
2017-03-01 20:15:38:101  [TID 10740   ][INFO    ] Server started on port 8080 [dmvcframework]
2017-03-01 20:15:38:775  [TID 13400   ][INFO    ] ENTER: Config default values [dmvcframework]
2017-03-01 20:15:38:775  [TID 13400   ][INFO    ] EXIT: Config default values [dmvcframework]
2017-03-01 20:15:38:775  [TID 13400   ][INFO    ] >> Custom configuration proc [dmvcframework]
2017-03-01 20:15:38:775  [TID 13400   ][INFO    ] << Custom configuration proc [dmvcframework]
2017-03-01 20:15:38:775  [TID 13400   ][INFO    ] ENTER: LoadSystemControllers [dmvcframework]
2017-03-01 20:15:38:775  [TID 13400   ][INFO    ] EXIT: LoadSystemControllers [dmvcframework]
2017-03-01 20:15:38:786  [TID 13400   ][INFO    ] GET:/ -> WS.HelloController.TWSHelloController - 200 OK [dmvcframework]
2017-03-01 20:15:46:219  [TID 6712    ][INFO    ] GET:/grupos -> NO ACTION  - 404 Not Found [dmvcframework]
2017-03-01 20:15:53:551  [TID 10512   ][INFO    ] GET:/OData/OData.svc/grupos('07') -> MVC.oData.Base.TODataController - 200 OK [dmvcframework]
2017-03-01 20:16:18:285  [TID 8348    ][ERROR   ] [EAccessViolation] Access violation at address 009E880A in module 'MVCBrServer.exe'. Read of address 00000008 (Custom message: "Global Action Exception Handler") [dmvcframework]
2017-03-01 20:16:18:287  [TID 8348    ][INFO    ] GET:/OData/OData.svc/grupos('07') -> MVC.oData.Base.TODataController - 500  [dmvcframework]
2017-03-01 20:21:56:867  [TID 10560   ][INFO    ] Default Logger initialized [dmvcframework]
2017-03-01 20:21:56:867  [TID 10560   ][INFO    ] Server started on port 8080 [dmvcframework]
2017-03-01 20:21:57:428  [TID 8020    ][INFO    ] ENTER: Config default values [dmvcframework]
2017-03-01 20:21:57:429  [TID 8020    ][INFO    ] EXIT: Config default values [dmvcframework]
2017-03-01 20:21:57:429  [TID 8020    ][INFO    ] >> Custom configuration proc [dmvcframework]
2017-03-01 20:21:57:429  [TID 8020    ][INFO    ] << Custom configuration proc [dmvcframework]
2017-03-01 20:21:57:429  [TID 8020    ][INFO    ] ENTER: LoadSystemControllers [dmvcframework]
2017-03-01 20:21:57:429  [TID 8020    ][INFO    ] EXIT: LoadSystemControllers [dmvcframework]
2017-03-01 20:21:57:429  [TID 8020    ][INFO    ] GET:/ -> WS.HelloController.TWSHelloController - 200 OK [dmvcframework]
2017-03-01 20:24:07:968  [TID 8832    ][INFO    ] Default Logger initialized [dmvcframework]
2017-03-01 20:24:07:968  [TID 8832    ][INFO    ] Server started on port 8080 [dmvcframework]
2017-03-01 20:24:08:544  [TID 10272   ][INFO    ] ENTER: Config default values [dmvcframework]
2017-03-01 20:24:08:544  [TID 10272   ][INFO    ] EXIT: Config default values [dmvcframework]
2017-03-01 20:24:08:544  [TID 10272   ][INFO    ] >> Custom configuration proc [dmvcframework]
2017-03-01 20:24:08:544  [TID 10272   ][INFO    ] << Custom configuration proc [dmvcframework]
2017-03-01 20:24:08:544  [TID 10272   ][INFO    ] ENTER: LoadSystemControllers [dmvcframework]
2017-03-01 20:24:08:544  [TID 10272   ][INFO    ] EXIT: LoadSystemControllers [dmvcframework]
2017-03-01 20:24:08:545  [TID 10272   ][INFO    ] GET:/ -> WS.HelloController.TWSHelloController - 200 OK [dmvcframework]
2017-03-01 20:24:50:873  [TID 12736   ][INFO    ] Default Logger initialized [dmvcframework]
2017-03-01 20:24:50:873  [TID 12736   ][INFO    ] Server started on port 8080 [dmvcframework]
2017-03-01 20:24:51:454  [TID 10288   ][INFO    ] ENTER: Config default values [dmvcframework]
2017-03-01 20:24:51:454  [TID 10288   ][INFO    ] EXIT: Config default values [dmvcframework]
2017-03-01 20:24:51:454  [TID 10288   ][INFO    ] >> Custom configuration proc [dmvcframework]
2017-03-01 20:24:51:454  [TID 10288   ][INFO    ] << Custom configuration proc [dmvcframework]
2017-03-01 20:24:51:454  [TID 10288   ][INFO    ] ENTER: LoadSystemControllers [dmvcframework]
2017-03-01 20:24:51:454  [TID 10288   ][INFO    ] EXIT: LoadSystemControllers [dmvcframework]
2017-03-01 20:24:51:455  [TID 10288   ][INFO    ] GET:/ -> WS.HelloController.TWSHelloController - 200 OK [dmvcframework]
2017-03-01 20:24:54:311  [TID 2216    ][INFO    ] GET:/OData/OData.svc/grupos('07') -> MVC.oData.Base.TODataController - 200 OK [dmvcframework]
2017-03-01 20:26:04:993  [TID 8652    ][INFO    ] Default Logger initialized [dmvcframework]
2017-03-01 20:26:04:993  [TID 8652    ][INFO    ] Server started on port 8080 [dmvcframework]
2017-03-01 20:26:05:534  [TID 14320   ][INFO    ] ENTER: Config default values [dmvcframework]
2017-03-01 20:26:05:534  [TID 14320   ][INFO    ] EXIT: Config default values [dmvcframework]
2017-03-01 20:26:05:534  [TID 14320   ][INFO    ] >> Custom configuration proc [dmvcframework]
2017-03-01 20:26:05:534  [TID 14320   ][INFO    ] << Custom configuration proc [dmvcframework]
2017-03-01 20:26:05:534  [TID 14320   ][INFO    ] ENTER: LoadSystemControllers [dmvcframework]
2017-03-01 20:26:05:534  [TID 14320   ][INFO    ] EXIT: LoadSystemControllers [dmvcframework]
2017-03-01 20:26:05:535  [TID 14320   ][INFO    ] GET:/ -> WS.HelloController.TWSHelloController - 200 OK [dmvcframework]
2017-03-01 20:26:40:486  [TID 5928    ][INFO    ] Default Logger initialized [dmvcframework]
2017-03-01 20:26:40:486  [TID 5928    ][INFO    ] Server started on port 8080 [dmvcframework]
2017-03-01 20:26:41:073  [TID 9544    ][INFO    ] ENTER: Config default values [dmvcframework]
2017-03-01 20:26:41:073  [TID 9544    ][INFO    ] EXIT: Config default values [dmvcframework]
2017-03-01 20:26:41:073  [TID 9544    ][INFO    ] >> Custom configuration proc [dmvcframework]
2017-03-01 20:26:41:073  [TID 9544    ][INFO    ] << Custom configuration proc [dmvcframework]
2017-03-01 20:26:41:073  [TID 9544    ][INFO    ] ENTER: LoadSystemControllers [dmvcframework]
2017-03-01 20:26:41:073  [TID 9544    ][INFO    ] EXIT: LoadSystemControllers [dmvcframework]
2017-03-01 20:26:41:074  [TID 9544    ][INFO    ] GET:/ -> WS.HelloController.TWSHelloController - 200 OK [dmvcframework]
2017-03-01 20:26:58:397  [TID 7128    ][INFO    ] GET:/OData/OData.svc/grupos('07') -> MVC.oData.Base.TODataController - 200 OK [dmvcframework]
2017-03-01 20:35:01:826  [TID 5252    ][INFO    ] Default Logger initialized [dmvcframework]
2017-03-01 20:35:01:826  [TID 5252    ][INFO    ] Server started on port 8080 [dmvcframework]
2017-03-01 20:35:02:409  [TID 9628    ][INFO    ] ENTER: Config default values [dmvcframework]
2017-03-01 20:35:02:409  [TID 9628    ][INFO    ] EXIT: Config default values [dmvcframework]
2017-03-01 20:35:02:409  [TID 9628    ][INFO    ] >> Custom configuration proc [dmvcframework]
2017-03-01 20:35:02:409  [TID 9628    ][INFO    ] << Custom configuration proc [dmvcframework]
2017-03-01 20:35:02:409  [TID 9628    ][INFO    ] ENTER: LoadSystemControllers [dmvcframework]
2017-03-01 20:35:02:409  [TID 9628    ][INFO    ] EXIT: LoadSystemControllers [dmvcframework]
2017-03-01 20:35:02:410  [TID 9628    ][INFO    ] GET:/ -> WS.HelloController.TWSHelloController - 200 OK [dmvcframework]
2017-03-01 20:35:06:986  [TID 10124   ][INFO    ] GET:/OData/OData.svc/grupos('07') -> MVC.oData.Base.TODataController - 200 OK [dmvcframework]
2017-03-01 20:35:15:444  [TID 6244    ][INFO    ] GET:/OData/OData.svc/grupos('07') -> MVC.oData.Base.TODataController - 200 OK [dmvcframework]
2017-03-01 20:36:18:138  [TID 4000    ][INFO    ] Default Logger initialized [dmvcframework]
2017-03-01 20:36:18:138  [TID 4000    ][INFO    ] Server started on port 8080 [dmvcframework]
2017-03-01 20:36:18:699  [TID 9460    ][INFO    ] ENTER: Config default values [dmvcframework]
2017-03-01 20:36:18:699  [TID 9460    ][INFO    ] EXIT: Config default values [dmvcframework]
2017-03-01 20:36:18:699  [TID 9460    ][INFO    ] >> Custom configuration proc [dmvcframework]
2017-03-01 20:36:18:699  [TID 9460    ][INFO    ] << Custom configuration proc [dmvcframework]
2017-03-01 20:36:18:699  [TID 9460    ][INFO    ] ENTER: LoadSystemControllers [dmvcframework]
2017-03-01 20:36:18:699  [TID 9460    ][INFO    ] EXIT: LoadSystemControllers [dmvcframework]
2017-03-01 20:36:18:700  [TID 9460    ][INFO    ] GET:/ -> WS.HelloController.TWSHelloController - 200 OK [dmvcframework]
2017-03-01 20:37:01:624  [TID 3488    ][INFO    ] Default Logger initialized [dmvcframework]
2017-03-01 20:37:01:624  [TID 3488    ][INFO    ] Server started on port 8080 [dmvcframework]
2017-03-01 20:37:02:199  [TID 2936    ][INFO    ] ENTER: Config default values [dmvcframework]
2017-03-01 20:37:02:199  [TID 2936    ][INFO    ] EXIT: Config default values [dmvcframework]
2017-03-01 20:37:02:199  [TID 2936    ][INFO    ] >> Custom configuration proc [dmvcframework]
2017-03-01 20:37:02:199  [TID 2936    ][INFO    ] << Custom configuration proc [dmvcframework]
2017-03-01 20:37:02:199  [TID 2936    ][INFO    ] ENTER: LoadSystemControllers [dmvcframework]
2017-03-01 20:37:02:199  [TID 2936    ][INFO    ] EXIT: LoadSystemControllers [dmvcframework]
2017-03-01 20:37:02:200  [TID 2936    ][INFO    ] GET:/ -> WS.HelloController.TWSHelloController - 200 OK [dmvcframework]
2017-03-01 20:38:20:290  [TID 12496   ][INFO    ] Default Logger initialized [dmvcframework]
2017-03-01 20:38:20:290  [TID 12496   ][INFO    ] Server started on port 8080 [dmvcframework]
2017-03-01 20:38:20:861  [TID 4692    ][INFO    ] ENTER: Config default values [dmvcframework]
2017-03-01 20:38:20:861  [TID 4692    ][INFO    ] EXIT: Config default values [dmvcframework]
2017-03-01 20:38:20:861  [TID 4692    ][INFO    ] >> Custom configuration proc [dmvcframework]
2017-03-01 20:38:20:861  [TID 4692    ][INFO    ] << Custom configuration proc [dmvcframework]
2017-03-01 20:38:20:861  [TID 4692    ][INFO    ] ENTER: LoadSystemControllers [dmvcframework]
2017-03-01 20:38:20:861  [TID 4692    ][INFO    ] EXIT: LoadSystemControllers [dmvcframework]
2017-03-01 20:38:20:863  [TID 4692    ][INFO    ] GET:/ -> WS.HelloController.TWSHelloController - 200 OK [dmvcframework]
2017-03-01 20:38:23:911  [TID 10464   ][INFO    ] GET:/OData/OData.svc/grupos('07') -> MVC.oData.Base.TODataController - 200 OK [dmvcframework]
2017-03-01 20:44:17:752  [TID 8720    ][INFO    ] Default Logger initialized [dmvcframework]
2017-03-01 20:44:17:759  [TID 8720    ][INFO    ] Server started on port 8080 [dmvcframework]
2017-03-01 20:44:18:321  [TID 8960    ][INFO    ] ENTER: Config default values [dmvcframework]
2017-03-01 20:44:18:321  [TID 8960    ][INFO    ] EXIT: Config default values [dmvcframework]
2017-03-01 20:44:18:321  [TID 8960    ][INFO    ] >> Custom configuration proc [dmvcframework]
2017-03-01 20:44:18:321  [TID 8960    ][INFO    ] << Custom configuration proc [dmvcframework]
2017-03-01 20:44:18:321  [TID 8960    ][INFO    ] ENTER: LoadSystemControllers [dmvcframework]
2017-03-01 20:44:18:321  [TID 8960    ][INFO    ] EXIT: LoadSystemControllers [dmvcframework]
2017-03-01 20:44:18:322  [TID 8960    ][INFO    ] GET:/ -> WS.HelloController.TWSHelloController - 200 OK [dmvcframework]
2017-03-01 20:44:44:488  [TID 11304   ][INFO    ] GET:/OData/OData.svc/grupos('07') -> MVC.oData.Base.TODataController - 200 OK [dmvcframework]
2017-03-01 20:47:37:701  [TID 5608    ][INFO    ] Default Logger initialized [dmvcframework]
2017-03-01 20:47:37:701  [TID 5608    ][INFO    ] Server started on port 8080 [dmvcframework]
2017-03-01 20:47:38:295  [TID 5296    ][INFO    ] ENTER: Config default values [dmvcframework]
2017-03-01 20:47:38:295  [TID 5296    ][INFO    ] EXIT: Config default values [dmvcframework]
2017-03-01 20:47:38:295  [TID 5296    ][INFO    ] >> Custom configuration proc [dmvcframework]
2017-03-01 20:47:38:295  [TID 5296    ][INFO    ] << Custom configuration proc [dmvcframework]
2017-03-01 20:47:38:295  [TID 5296    ][INFO    ] ENTER: LoadSystemControllers [dmvcframework]
2017-03-01 20:47:38:295  [TID 5296    ][INFO    ] EXIT: LoadSystemControllers [dmvcframework]
2017-03-01 20:47:38:296  [TID 5296    ][INFO    ] GET:/ -> WS.HelloController.TWSHelloController - 200 OK [dmvcframework]
2017-03-01 20:47:53:769  [TID 6256    ][INFO    ] GET:/OData/OData.svc/grupos('07') -> MVC.oData.Base.TODataController - 200 OK [dmvcframework]
2017-03-01 20:59:52:440  [TID 4660    ][INFO    ] Default Logger initialized [dmvcframework]
2017-03-01 20:59:52:440  [TID 4660    ][INFO    ] Server started on port 8080 [dmvcframework]
2017-03-01 20:59:53:033  [TID 12156   ][INFO    ] ENTER: Config default values [dmvcframework]
2017-03-01 20:59:53:033  [TID 12156   ][INFO    ] EXIT: Config default values [dmvcframework]
2017-03-01 20:59:53:033  [TID 12156   ][INFO    ] >> Custom configuration proc [dmvcframework]
2017-03-01 20:59:53:033  [TID 12156   ][INFO    ] << Custom configuration proc [dmvcframework]
2017-03-01 20:59:53:033  [TID 12156   ][INFO    ] ENTER: LoadSystemControllers [dmvcframework]
2017-03-01 20:59:53:033  [TID 12156   ][INFO    ] EXIT: LoadSystemControllers [dmvcframework]
2017-03-01 20:59:53:034  [TID 12156   ][INFO    ] GET:/ -> WS.HelloController.TWSHelloController - 200 OK [dmvcframework]
2017-03-01 21:00:01:156  [TID 6732    ][INFO    ] GET:/OData/OData.svc/grupos('07') -> MVC.oData.Base.TODataController - 200 OK [dmvcframework]
2017-03-01 21:06:38:989  [TID 8984    ][INFO    ] Default Logger initialized [dmvcframework]
2017-03-01 21:06:38:989  [TID 8984    ][INFO    ] Server started on port 8080 [dmvcframework]
2017-03-01 21:06:39:543  [TID 4100    ][INFO    ] ENTER: Config default values [dmvcframework]
2017-03-01 21:06:39:543  [TID 4100    ][INFO    ] EXIT: Config default values [dmvcframework]
2017-03-01 21:06:39:543  [TID 4100    ][INFO    ] >> Custom configuration proc [dmvcframework]
2017-03-01 21:06:39:543  [TID 4100    ][INFO    ] << Custom configuration proc [dmvcframework]
2017-03-01 21:06:39:543  [TID 4100    ][INFO    ] ENTER: LoadSystemControllers [dmvcframework]
2017-03-01 21:06:39:543  [TID 4100    ][INFO    ] EXIT: LoadSystemControllers [dmvcframework]
2017-03-01 21:06:39:544  [TID 4100    ][INFO    ] GET:/ -> WS.HelloController.TWSHelloController - 200 OK [dmvcframework]
2017-03-01 21:06:48:203  [TID 14276   ][INFO    ] GET:/OData/OData.svc/grupos('07') -> MVC.oData.Base.TODataController - 200 OK [dmvcframework]
2017-03-01 21:06:50:913  [TID 6400    ][INFO    ] GET:/OData/OData.svc/grupos('07') -> MVC.oData.Base.TODataController - 200 OK [dmvcframework]
2017-03-01 21:08:38:205  [TID 12624   ][INFO    ] Default Logger initialized [dmvcframework]
2017-03-01 21:08:38:205  [TID 12624   ][INFO    ] Server started on port 8080 [dmvcframework]
2017-03-01 21:08:38:796  [TID 1040    ][INFO    ] ENTER: Config default values [dmvcframework]
2017-03-01 21:08:38:796  [TID 1040    ][INFO    ] EXIT: Config default values [dmvcframework]
2017-03-01 21:08:38:796  [TID 1040    ][INFO    ] >> Custom configuration proc [dmvcframework]
2017-03-01 21:08:38:796  [TID 1040    ][INFO    ] << Custom configuration proc [dmvcframework]
2017-03-01 21:08:38:796  [TID 1040    ][INFO    ] ENTER: LoadSystemControllers [dmvcframework]
2017-03-01 21:08:38:796  [TID 1040    ][INFO    ] EXIT: LoadSystemControllers [dmvcframework]
2017-03-01 21:08:38:797  [TID 1040    ][INFO    ] GET:/ -> WS.HelloController.TWSHelloController - 200 OK [dmvcframework]
2017-03-01 21:09:53:871  [TID 6212    ][INFO    ] Default Logger initialized [dmvcframework]
2017-03-01 21:09:53:871  [TID 6212    ][INFO    ] Server started on port 8080 [dmvcframework]
2017-03-01 21:09:54:484  [TID 9404    ][INFO    ] ENTER: Config default values [dmvcframework]
2017-03-01 21:09:54:484  [TID 9404    ][INFO    ] EXIT: Config default values [dmvcframework]
2017-03-01 21:09:54:484  [TID 9404    ][INFO    ] >> Custom configuration proc [dmvcframework]
2017-03-01 21:09:54:484  [TID 9404    ][INFO    ] << Custom configuration proc [dmvcframework]
2017-03-01 21:09:54:484  [TID 9404    ][INFO    ] ENTER: LoadSystemControllers [dmvcframework]
2017-03-01 21:09:54:484  [TID 9404    ][INFO    ] EXIT: LoadSystemControllers [dmvcframework]
2017-03-01 21:09:54:485  [TID 9404    ][INFO    ] GET:/ -> WS.HelloController.TWSHelloController - 200 OK [dmvcframework]
2017-03-01 21:10:24:602  [TID 9792    ][INFO    ] GET:/OData/OData.svc/grupos('07') -> MVC.oData.Base.TODataController - 200 OK [dmvcframework]
2017-03-01 21:13:09:117  [TID 1116    ][INFO    ] Default Logger initialized [dmvcframework]
2017-03-01 21:13:09:117  [TID 1116    ][INFO    ] Server started on port 8080 [dmvcframework]
2017-03-01 21:13:09:710  [TID 11460   ][INFO    ] ENTER: Config default values [dmvcframework]
2017-03-01 21:13:09:710  [TID 11460   ][INFO    ] EXIT: Config default values [dmvcframework]
2017-03-01 21:13:09:710  [TID 11460   ][INFO    ] >> Custom configuration proc [dmvcframework]
2017-03-01 21:13:09:710  [TID 11460   ][INFO    ] << Custom configuration proc [dmvcframework]
2017-03-01 21:13:09:710  [TID 11460   ][INFO    ] ENTER: LoadSystemControllers [dmvcframework]
2017-03-01 21:13:09:710  [TID 11460   ][INFO    ] EXIT: LoadSystemControllers [dmvcframework]
2017-03-01 21:13:09:711  [TID 11460   ][INFO    ] GET:/ -> WS.HelloController.TWSHelloController - 200 OK [dmvcframework]
2017-03-01 21:13:32:025  [TID 8292    ][INFO    ] GET:/OData/OData.svc/grupos('07') -> MVC.oData.Base.TODataController - 200 OK [dmvcframework]
2017-03-01 21:13:57:437  [TID 7176    ][ERROR   ] [Exception] [FireDAC][Phys][FB]Dynamic SQL Error
SQL error code = -104
Token unknown - line 1, column 29
)<select  first 100 nome,grupo) from ctgrupo as grupos where grupos.grupo='07'> (Custom message: "Global Action Exception Handler") [dmvcframework]
2017-03-01 21:13:57:437  [TID 7176    ][INFO    ] GET:/OData/OData.svc/grupos('07') -> MVC.oData.Base.TODataController - 500  [dmvcframework]
2017-03-01 21:14:17:577  [TID 10992   ][ERROR   ] [Exception] [FireDAC][Phys][FB]Dynamic SQL Error
SQL error code = -104
Token unknown - line 1, column 29
)<select  first 100 nome,grupo) from ctgrupo as grupos where grupos.grupo='07'> (Custom message: "Global Action Exception Handler") [dmvcframework]
2017-03-01 21:14:17:577  [TID 10992   ][INFO    ] GET:/OData/OData.svc/grupos('07') -> MVC.oData.Base.TODataController - 500  [dmvcframework]
2017-03-01 21:15:04:844  [TID 8688    ][INFO    ] Default Logger initialized [dmvcframework]
2017-03-01 21:15:04:844  [TID 8688    ][INFO    ] Server started on port 8080 [dmvcframework]
2017-03-01 21:15:05:419  [TID 7036    ][INFO    ] ENTER: Config default values [dmvcframework]
2017-03-01 21:15:05:419  [TID 7036    ][INFO    ] EXIT: Config default values [dmvcframework]
2017-03-01 21:15:05:419  [TID 7036    ][INFO    ] >> Custom configuration proc [dmvcframework]
2017-03-01 21:15:05:419  [TID 7036    ][INFO    ] << Custom configuration proc [dmvcframework]
2017-03-01 21:15:05:419  [TID 7036    ][INFO    ] ENTER: LoadSystemControllers [dmvcframework]
2017-03-01 21:15:05:419  [TID 7036    ][INFO    ] EXIT: LoadSystemControllers [dmvcframework]
2017-03-01 21:15:05:420  [TID 7036    ][INFO    ] GET:/ -> WS.HelloController.TWSHelloController - 200 OK [dmvcframework]
2017-03-01 21:15:20:709  [TID 13504   ][ERROR   ] [Exception] [FireDAC][Phys][FB]Dynamic SQL Error
SQL error code = -104
Token unknown - line 1, column 29
)<select  first 100 nome,grupo) from ctgrupo as grupos where grupos.grupo='07'> (Custom message: "Global Action Exception Handler") [dmvcframework]
2017-03-01 21:15:20:709  [TID 13504   ][INFO    ] GET:/OData/OData.svc/grupos('07') -> MVC.oData.Base.TODataController - 500  [dmvcframework]
2017-03-01 21:16:38:316  [TID 8416    ][ERROR   ] [Exception] [FireDAC][Phys][FB]Dynamic SQL Error
SQL error code = -104
Token unknown - line 1, column 29
)<select  first 100 nome,grupo) from ctgrupo as grupos where grupos.grupo='07'> (Custom message: "Global Action Exception Handler") [dmvcframework]
2017-03-01 21:16:38:316  [TID 8416    ][INFO    ] GET:/OData/OData.svc/grupos('07') -> MVC.oData.Base.TODataController - 500  [dmvcframework]
2017-03-01 21:16:54:169  [TID 7444    ][ERROR   ] [Exception] [FireDAC][Phys][FB]Dynamic SQL Error
SQL error code = -104
Token unknown - line 1, column 29
)<select  first 100 nome,grupo) from ctgrupo as grupos where grupos.grupo='07'> (Custom message: "Global Action Exception Handler") [dmvcframework]
2017-03-01 21:16:54:169  [TID 7444    ][INFO    ] GET:/OData/OData.svc/grupos('07') -> MVC.oData.Base.TODataController - 500  [dmvcframework]
2017-03-01 21:17:25:779  [TID 12156   ][ERROR   ] [Exception] [FireDAC][Phys][FB]Dynamic SQL Error
SQL error code = -104
Token unknown - line 1, column 29
)<select  first 100 nome,grupo) from ctgrupo as grupos where grupos.grupo='07'> (Custom message: "Global Action Exception Handler") [dmvcframework]
2017-03-01 21:17:25:779  [TID 12156   ][INFO    ] GET:/OData/OData.svc/grupos('07') -> MVC.oData.Base.TODataController - 500  [dmvcframework]
2017-03-01 21:17:53:431  [TID 8520    ][INFO    ] GET:/OData/OData.svc/grupos('07') -> MVC.oData.Base.TODataController - 200 OK [dmvcframework]
2017-03-01 21:18:55:667  [TID 9184    ][INFO    ] Default Logger initialized [dmvcframework]
2017-03-01 21:18:55:667  [TID 9184    ][INFO    ] Server started on port 8080 [dmvcframework]
2017-03-01 21:18:56:269  [TID 7472    ][INFO    ] ENTER: Config default values [dmvcframework]
2017-03-01 21:18:56:269  [TID 7472    ][INFO    ] EXIT: Config default values [dmvcframework]
2017-03-01 21:18:56:269  [TID 7472    ][INFO    ] >> Custom configuration proc [dmvcframework]
2017-03-01 21:18:56:269  [TID 7472    ][INFO    ] << Custom configuration proc [dmvcframework]
2017-03-01 21:18:56:269  [TID 7472    ][INFO    ] ENTER: LoadSystemControllers [dmvcframework]
2017-03-01 21:18:56:269  [TID 7472    ][INFO    ] EXIT: LoadSystemControllers [dmvcframework]
2017-03-01 21:18:56:270  [TID 7472    ][INFO    ] GET:/ -> WS.HelloController.TWSHelloController - 200 OK [dmvcframework]
2017-03-01 21:19:48:583  [TID 12452   ][INFO    ] GET:/OData/OData.svc/grupos('07') -> MVC.oData.Base.TODataController - 200 OK [dmvcframework]
2017-03-01 21:21:00:968  [TID 10572   ][INFO    ] GET:/OData/OData.svc/grupos('07') -> MVC.oData.Base.TODataController - 200 OK [dmvcframework]
2017-03-01 21:23:00:245  [TID 2060    ][INFO    ] GET:/OData/OData.svc/grupos('07') -> MVC.oData.Base.TODataController - 200 OK [dmvcframework]
2017-03-01 21:23:36:911  [TID 11572   ][INFO    ] GET:/OData/OData.svc/grupos('07') -> MVC.oData.Base.TODataController - 200 OK [dmvcframework]
2017-03-01 21:34:42:566  [TID 1368    ][INFO    ] Default Logger initialized [dmvcframework]
2017-03-01 21:34:42:566  [TID 1368    ][INFO    ] Server started on port 8080 [dmvcframework]
2017-03-01 21:34:43:747  [TID 8984    ][INFO    ] ENTER: Config default values [dmvcframework]
2017-03-01 21:34:43:747  [TID 8984    ][INFO    ] EXIT: Config default values [dmvcframework]
2017-03-01 21:34:43:747  [TID 8984    ][INFO    ] >> Custom configuration proc [dmvcframework]
2017-03-01 21:34:43:747  [TID 8984    ][INFO    ] << Custom configuration proc [dmvcframework]
2017-03-01 21:34:43:747  [TID 8984    ][INFO    ] ENTER: LoadSystemControllers [dmvcframework]
2017-03-01 21:34:43:747  [TID 8984    ][INFO    ] EXIT: LoadSystemControllers [dmvcframework]
2017-03-01 21:34:43:748  [TID 8984    ][INFO    ] GET:/ -> WS.HelloController.TWSHelloController - 200 OK [dmvcframework]
2017-03-01 21:34:51:876  [TID 13852   ][INFO    ] GET:/OData/OData.svc/grupos('07') -> MVC.oData.Base.TODataController - 200 OK [dmvcframework]
2017-03-01 21:35:07:514  [TID 12864   ][INFO    ] GET:/OData/OData.svc/grupos('07') -> MVC.oData.Base.TODataController - 200 OK [dmvcframework]
2017-03-01 21:35:22:971  [TID 9808    ][INFO    ] GET:/OData/OData.svc/grupos('07') -> MVC.oData.Base.TODataController - 200 OK [dmvcframework]
2017-03-01 21:35:35:124  [TID 12436   ][INFO    ] GET:/OData/OData.svc/grupos('07') -> MVC.oData.Base.TODataController - 200 OK [dmvcframework]
2017-03-01 21:36:44:345  [TID 8512    ][INFO    ] GET:/OData/OData.svc/grupos('07') -> MVC.oData.Base.TODataController - 200 OK [dmvcframework]
2017-03-01 21:36:58:401  [TID 13220   ][INFO    ] GET:/OData/OData.svc/grupos('07') -> MVC.oData.Base.TODataController - 200 OK [dmvcframework]
2017-03-01 21:37:39:381  [TID 3772    ][INFO    ] Default Logger initialized [dmvcframework]
2017-03-01 21:37:39:381  [TID 3772    ][INFO    ] Server started on port 8080 [dmvcframework]
2017-03-01 21:37:39:950  [TID 8080    ][INFO    ] ENTER: Config default values [dmvcframework]
2017-03-01 21:37:39:950  [TID 8080    ][INFO    ] EXIT: Config default values [dmvcframework]
2017-03-01 21:37:39:950  [TID 8080    ][INFO    ] >> Custom configuration proc [dmvcframework]
2017-03-01 21:37:39:950  [TID 8080    ][INFO    ] << Custom configuration proc [dmvcframework]
2017-03-01 21:37:39:950  [TID 8080    ][INFO    ] ENTER: LoadSystemControllers [dmvcframework]
2017-03-01 21:37:39:950  [TID 8080    ][INFO    ] EXIT: LoadSystemControllers [dmvcframework]
2017-03-01 21:37:39:952  [TID 8080    ][INFO    ] GET:/ -> WS.HelloController.TWSHelloController - 200 OK [dmvcframework]
2017-03-01 21:38:56:876  [TID 10980   ][INFO    ] GET:/OData/OData.svc/grupos('07') -> MVC.oData.Base.TODataController - 200 OK [dmvcframework]
2017-03-01 21:40:19:074  [TID 7576    ][INFO    ] Default Logger initialized [dmvcframework]
2017-03-01 21:40:19:074  [TID 7576    ][INFO    ] Server started on port 8080 [dmvcframework]
2017-03-01 21:40:19:636  [TID 2396    ][INFO    ] ENTER: Config default values [dmvcframework]
2017-03-01 21:40:19:636  [TID 2396    ][INFO    ] EXIT: Config default values [dmvcframework]
2017-03-01 21:40:19:636  [TID 2396    ][INFO    ] >> Custom configuration proc [dmvcframework]
2017-03-01 21:40:19:636  [TID 2396    ][INFO    ] << Custom configuration proc [dmvcframework]
2017-03-01 21:40:19:636  [TID 2396    ][INFO    ] ENTER: LoadSystemControllers [dmvcframework]
2017-03-01 21:40:19:636  [TID 2396    ][INFO    ] EXIT: LoadSystemControllers [dmvcframework]
2017-03-01 21:40:19:637  [TID 2396    ][INFO    ] GET:/ -> WS.HelloController.TWSHelloController - 200 OK [dmvcframework]
2017-03-01 21:40:47:039  [TID 1088    ][INFO    ] GET:/OData/OData.svc/grupos('07') -> MVC.oData.Base.TODataController - 200 OK [dmvcframework]
2017-03-01 21:41:42:598  [TID 6712    ][INFO    ] GET:/OData/OData.svc/grupos('07') -> MVC.oData.Base.TODataController - 200 OK [dmvcframework]
2017-03-01 21:42:17:109  [TID 6924    ][INFO    ] GET:/OData/OData.svc/grupos('07') -> MVC.oData.Base.TODataController - 200 OK [dmvcframework]
2017-03-01 21:47:20:544  [TID 9204    ][INFO    ] Default Logger initialized [dmvcframework]
2017-03-01 21:47:20:556  [TID 9204    ][INFO    ] Server started on port 8080 [dmvcframework]
2017-03-01 21:47:21:106  [TID 8692    ][INFO    ] ENTER: Config default values [dmvcframework]
2017-03-01 21:47:21:106  [TID 8692    ][INFO    ] EXIT: Config default values [dmvcframework]
2017-03-01 21:47:21:106  [TID 8692    ][INFO    ] >> Custom configuration proc [dmvcframework]
2017-03-01 21:47:21:106  [TID 8692    ][INFO    ] << Custom configuration proc [dmvcframework]
2017-03-01 21:47:21:106  [TID 8692    ][INFO    ] ENTER: LoadSystemControllers [dmvcframework]
2017-03-01 21:47:21:106  [TID 8692    ][INFO    ] EXIT: LoadSystemControllers [dmvcframework]
2017-03-01 21:47:21:107  [TID 8692    ][INFO    ] GET:/ -> WS.HelloController.TWSHelloController - 200 OK [dmvcframework]
2017-03-01 21:47:48:590  [TID 2112    ][INFO    ] Default Logger initialized [dmvcframework]
2017-03-01 21:47:48:590  [TID 2112    ][INFO    ] Server started on port 8080 [dmvcframework]
2017-03-01 21:47:49:135  [TID 8508    ][INFO    ] ENTER: Config default values [dmvcframework]
2017-03-01 21:47:49:136  [TID 8508    ][INFO    ] EXIT: Config default values [dmvcframework]
2017-03-01 21:47:49:136  [TID 8508    ][INFO    ] >> Custom configuration proc [dmvcframework]
2017-03-01 21:47:49:136  [TID 8508    ][INFO    ] << Custom configuration proc [dmvcframework]
2017-03-01 21:47:49:136  [TID 8508    ][INFO    ] ENTER: LoadSystemControllers [dmvcframework]
2017-03-01 21:47:49:136  [TID 8508    ][INFO    ] EXIT: LoadSystemControllers [dmvcframework]
2017-03-01 21:47:49:136  [TID 8508    ][INFO    ] GET:/ -> WS.HelloController.TWSHelloController - 200 OK [dmvcframework]
2017-03-01 21:48:28:154  [TID 10112   ][INFO    ] Default Logger initialized [dmvcframework]
2017-03-01 21:48:28:154  [TID 10112   ][INFO    ] Server started on port 8080 [dmvcframework]
2017-03-01 21:48:28:733  [TID 3052    ][INFO    ] ENTER: Config default values [dmvcframework]
2017-03-01 21:48:28:733  [TID 3052    ][INFO    ] EXIT: Config default values [dmvcframework]
2017-03-01 21:48:28:733  [TID 3052    ][INFO    ] >> Custom configuration proc [dmvcframework]
2017-03-01 21:48:28:733  [TID 3052    ][INFO    ] << Custom configuration proc [dmvcframework]
2017-03-01 21:48:28:733  [TID 3052    ][INFO    ] ENTER: LoadSystemControllers [dmvcframework]
2017-03-01 21:48:28:733  [TID 3052    ][INFO    ] EXIT: LoadSystemControllers [dmvcframework]
2017-03-01 21:48:28:734  [TID 3052    ][INFO    ] GET:/ -> WS.HelloController.TWSHelloController - 200 OK [dmvcframework]
2017-03-01 21:49:00:860  [TID 9704    ][ERROR   ] [EAccessViolation] Access violation at address 009F192C in module 'MVCBrServer.exe'. Read of address 00000000 (Custom message: "Global Action Exception Handler") [dmvcframework]
2017-03-01 21:49:00:861  [TID 9704    ][INFO    ] GET:/OData/OData.svc/grupos('07') -> MVC.oData.Base.TODataController - 500  [dmvcframework]
2017-03-01 21:51:33:388  [TID 6864    ][INFO    ] Default Logger initialized [dmvcframework]
2017-03-01 21:51:33:388  [TID 6864    ][INFO    ] Server started on port 8080 [dmvcframework]
2017-03-01 21:51:33:986  [TID 13184   ][INFO    ] ENTER: Config default values [dmvcframework]
2017-03-01 21:51:33:986  [TID 13184   ][INFO    ] EXIT: Config default values [dmvcframework]
2017-03-01 21:51:33:986  [TID 13184   ][INFO    ] >> Custom configuration proc [dmvcframework]
2017-03-01 21:51:33:986  [TID 13184   ][INFO    ] << Custom configuration proc [dmvcframework]
2017-03-01 21:51:33:986  [TID 13184   ][INFO    ] ENTER: LoadSystemControllers [dmvcframework]
2017-03-01 21:51:33:986  [TID 13184   ][INFO    ] EXIT: LoadSystemControllers [dmvcframework]
2017-03-01 21:51:33:987  [TID 13184   ][INFO    ] GET:/ -> WS.HelloController.TWSHelloController - 200 OK [dmvcframework]
2017-03-01 21:52:08:441  [TID 9840    ][INFO    ] GET:/OData/OData.svc/grupos('07') -> MVC.oData.Base.TODataController - 200 OK [dmvcframework]
